<?xml version="1.0" encoding="UTF-8"?>
<!-- Generated by org.testng.reporters.JUnitXMLReporter -->
<testsuite ignored="0" hostname="ZA-5CD350K5XK" failures="2" tests="44" name="Takealot Automation Tests" time="680.415" errors="0" timestamp="2024-08-18T20:04:21 SAST">
  <testcase classname="tests.CartPageTest" name="@BeforeClass setUp" time="35.789">
    <failure type="org.openqa.selenium.NoSuchElementException" message="no such element: element not found
  (Session info: chrome=127.0.6533.100)
For documentation on this error, please visit: https://www.selenium.dev/documentation/webdriver/troubleshooting/errors#no-such-element-exception
Build info: version: &amp;apos;4.23.0&amp;apos;, revision: &amp;apos;4df0a231af&amp;apos;
System info: os.name: &amp;apos;Windows 11&amp;apos;, os.arch: &amp;apos;amd64&amp;apos;, os.version: &amp;apos;10.0&amp;apos;, java.version: &amp;apos;17.0.10&amp;apos;
Driver info: org.openqa.selenium.chrome.ChromeDriver
Command: [385032655c643c347adf27c42c4c36e4, actions {actions=[org.openqa.selenium.interactions.Sequence@223eb23]}]
Capabilities {acceptInsecureCerts: false, browserName: chrome, browserVersion: 127.0.6533.100, chrome: {chromedriverVersion: 127.0.6533.119 (bdef6783a05..., userDataDir: C:\Users\KWAZIN~1\AppData\L...}, fedcm:accounts: true, goog:chromeOptions: {debuggerAddress: localhost:60636}, networkConnectionEnabled: false, pageLoadStrategy: normal, platformName: windows, proxy: Proxy(), se:cdp: ws://localhost:60636/devtoo..., se:cdpVersion: 127.0.6533.100, setWindowRect: true, strictFileInteractability: false, timeouts: {implicit: 0, pageLoad: 300000, script: 30000}, unhandledPromptBehavior: dismiss and notify, webauthn:extension:credBlob: true, webauthn:extension:largeBlob: true, webauthn:extension:minPinLength: true, webauthn:extension:prf: true, webauthn:virtualAuthenticators: true}
Session ID: 385032655c643c347adf27c42c4c36e4">
      <![CDATA[org.openqa.selenium.NoSuchElementException: no such element: element not found
  (Session info: chrome=127.0.6533.100)
For documentation on this error, please visit: https://www.selenium.dev/documentation/webdriver/troubleshooting/errors#no-such-element-exception
Build info: version: '4.23.0', revision: '4df0a231af'
System info: os.name: 'Windows 11', os.arch: 'amd64', os.version: '10.0', java.version: '17.0.10'
Driver info: org.openqa.selenium.chrome.ChromeDriver
Command: [385032655c643c347adf27c42c4c36e4, actions {actions=[org.openqa.selenium.interactions.Sequence@223eb23]}]
Capabilities {acceptInsecureCerts: false, browserName: chrome, browserVersion: 127.0.6533.100, chrome: {chromedriverVersion: 127.0.6533.119 (bdef6783a05..., userDataDir: C:\Users\KWAZIN~1\AppData\L...}, fedcm:accounts: true, goog:chromeOptions: {debuggerAddress: localhost:60636}, networkConnectionEnabled: false, pageLoadStrategy: normal, platformName: windows, proxy: Proxy(), se:cdp: ws://localhost:60636/devtoo..., se:cdpVersion: 127.0.6533.100, setWindowRect: true, strictFileInteractability: false, timeouts: {implicit: 0, pageLoad: 300000, script: 30000}, unhandledPromptBehavior: dismiss and notify, webauthn:extension:credBlob: true, webauthn:extension:largeBlob: true, webauthn:extension:minPinLength: true, webauthn:extension:prf: true, webauthn:virtualAuthenticators: true}
Session ID: 385032655c643c347adf27c42c4c36e4
at org.openqa.selenium.remote.ErrorCodec.decode(ErrorCodec.java:167)
at org.openqa.selenium.remote.codec.w3c.W3CHttpResponseCodec.decode(W3CHttpResponseCodec.java:138)
at org.openqa.selenium.remote.codec.w3c.W3CHttpResponseCodec.decode(W3CHttpResponseCodec.java:50)
at org.openqa.selenium.remote.HttpCommandExecutor.execute(HttpCommandExecutor.java:190)
at org.openqa.selenium.remote.service.DriverCommandExecutor.invokeExecute(DriverCommandExecutor.java:216)
at org.openqa.selenium.remote.service.DriverCommandExecutor.execute(DriverCommandExecutor.java:174)
at org.openqa.selenium.remote.RemoteWebDriver.execute(RemoteWebDriver.java:527)
at org.openqa.selenium.remote.RemoteWebDriver.perform(RemoteWebDriver.java:613)
at org.openqa.selenium.interactions.Actions$BuiltAction.perform(Actions.java:613)
at org.openqa.selenium.interactions.Actions.perform(Actions.java:578)
at utilities.ActionUtil.clickElement(ActionUtil.java:79)
at components.NavBar.clickNavLink(NavBar.java:94)
at pages.HomePage.navigateToCart(HomePage.java:183)
at tests.CartPageTest.setUp(CartPageTest.java:49)
at java.base/java.util.concurrent.Executors$RunnableAdapter.call(Executors.java:539)
at java.base/java.util.concurrent.FutureTask.run(FutureTask.java:264)
at java.base/java.util.concurrent.ThreadPoolExecutor.runWorker(ThreadPoolExecutor.java:1136)
at java.base/java.util.concurrent.ThreadPoolExecutor$Worker.run(ThreadPoolExecutor.java:635)
at java.base/java.lang.Thread.run(Thread.java:840)
... Removed 15 stack frames]]>
    </failure>
  </testcase> <!-- @BeforeClass setUp -->
  <testcase classname="tests.CartPageTest" name="@AfterClass tearDown" time="0.0">
    <skipped/>
  </testcase> <!-- @AfterClass tearDown -->
  <testcase classname="tests.HomePageTest" name="verifyTitle" time="0.385"/>
  <testcase classname="tests.HomePageTest" name="testNavigateToRegister" time="9.858"/>
  <testcase classname="tests.HomePageTest" name="testNavigateToLogin" time="10.112"/>
  <testcase classname="tests.LoginPageTest" name="verifyLogin" time="15.963"/>
  <testcase classname="tests.CartPageTest" name="verifyCartIsEmpty" time="0.0">
    <skipped/>
  </testcase> <!-- verifyCartIsEmpty -->
  <testcase classname="tests.CartPageTest" name="verifyCartNotEmpty" time="0.0">
    <skipped/>
  </testcase> <!-- verifyCartNotEmpty -->
  <testcase classname="tests.CartPageTest" name="verifyItemDetailsInCart" time="0.0">
    <skipped/>
  </testcase> <!-- verifyItemDetailsInCart -->
  <testcase classname="tests.CartPageTest" name="verifyTotalCartPrice" time="0.0">
    <skipped/>
  </testcase> <!-- verifyTotalCartPrice -->
  <testcase classname="tests.CartPageTest" name="verifyRemovalOfItemFromCart" time="0.0">
    <skipped/>
  </testcase> <!-- verifyRemovalOfItemFromCart -->
  <testcase classname="tests.CartPageTest" name="verifyMoveItemToWishlist" time="0.0">
    <skipped/>
  </testcase> <!-- verifyMoveItemToWishlist -->
  <testcase classname="tests.ProductsPageTest" name="verifyIsResultsVisible" time="0.252"/>
  <testcase classname="tests.HomePageTest" name="testNavigateToCart" time="8.097"/>
  <testcase classname="tests.LoginPageTest" name="verifyLogin" time="12.281"/>
  <testcase classname="tests.RegistrationPageTest" name="verifyRegistration" time="35.895"/>
  <testcase classname="tests.LoginPageTest" name="verifyLogin" time="25.087"/>
  <testcase classname="tests.HomePageTest" name="verifySearchFunctionality" time="31.098"/>
  <testcase classname="tests.HomePageTest" name="verifySearchFunctionality" time="19.906"/>
  <testcase classname="tests.LoginPageTest" name="verifyLogin" time="25.271"/>
  <testcase classname="tests.ProductsPageTest" name="verifyProductsRetrieval" time="61.86"/>
  <testcase classname="tests.ProductsPageTest" name="verifyFilteredProducts" time="0.352"/>
  <testcase classname="tests.ProductsPageTest" name="verifyGetProductByPrice" time="0.275"/>
  <testcase classname="tests.HomePageTest" name="verifySearchFunctionality" time="17.639"/>
  <testcase classname="tests.RegistrationPageTest" name="verifyRegistration" time="54.502">
    <failure type="java.lang.AssertionError" message="OTP not sent. expected [true] but found [false]">
      <![CDATA[java.lang.AssertionError: OTP not sent. expected [true] but found [false]
at tests.RegistrationPageTest.verifyRegistration(RegistrationPageTest.java:98)
at java.base/java.util.concurrent.Executors$RunnableAdapter.call(Executors.java:539)
at java.base/java.util.concurrent.FutureTask.run(FutureTask.java:264)
at java.base/java.util.concurrent.ThreadPoolExecutor.runWorker(ThreadPoolExecutor.java:1136)
at java.base/java.util.concurrent.ThreadPoolExecutor$Worker.run(ThreadPoolExecutor.java:635)
at java.base/java.lang.Thread.run(Thread.java:840)
... Removed 16 stack frames]]>
    </failure>
  </testcase> <!-- verifyRegistration -->
  <testcase classname="tests.HomePageTest" name="verifySearchFunctionality" time="19.017"/>
  <testcase classname="tests.HomePageTest" name="verifySearchFunctionality" time="13.868"/>
  <testcase classname="tests.RegistrationPageTest" name="verifyRegistration" time="28.431"/>
  <testcase classname="tests.RegistrationPageTest" name="verifyRegistration" time="28.31"/>
  <testcase classname="tests.HomePageTest" name="verifySearchFunctionality" time="47.054"/>
  <testcase classname="tests.ProductsPageTest" name="verifyProductDetails" time="88.722">
    <failure type="java.lang.AssertionError" message="Product price does not match expected [27595.00] but found [27084.00]">
      <![CDATA[java.lang.AssertionError: Product price does not match expected [27595.00] but found [27084.00]
at tests.ProductsPageTest.verifyProductDetails(ProductsPageTest.java:179)
at java.base/java.util.concurrent.Executors$RunnableAdapter.call(Executors.java:539)
at java.base/java.util.concurrent.FutureTask.run(FutureTask.java:264)
at java.base/java.util.concurrent.ThreadPoolExecutor.runWorker(ThreadPoolExecutor.java:1136)
at java.base/java.util.concurrent.ThreadPoolExecutor$Worker.run(ThreadPoolExecutor.java:635)
at java.base/java.lang.Thread.run(Thread.java:840)
... Removed 17 stack frames]]>
    </failure>
  </testcase> <!-- verifyProductDetails -->
  <testcase classname="tests.RegistrationPageTest" name="verifyRegistration" time="28.369"/>
  <testcase classname="tests.RegistrationPageTest" name="verifyRegistration" time="27.924"/>
  <testcase classname="tests.RegistrationPageTest" name="verifyRegistration" time="29.14"/>
  <testcase classname="tests.HomePageTest" name="verifySearchFunctionality" time="72.288"/>
  <testcase classname="tests.RegistrationPageTest" name="verifyRegistration" time="29.372"/>
  <testcase classname="tests.HomePageTest" name="verifySearchFunctionality" time="28.795"/>
  <testcase classname="tests.RegistrationPageTest" name="verifyRegistration" time="32.142"/>
  <testcase classname="tests.HomePageTest" name="verifySearchFunctionality" time="30.147"/>
  <testcase classname="tests.RegistrationPageTest" name="verifyRegistration" time="29.804"/>
  <testcase classname="tests.HomePageTest" name="verifySearchFunctionality" time="29.486"/>
  <testcase classname="tests.ProductsPageTest" name="verifyProductDetails" time="167.589"/>
  <testcase classname="tests.RegistrationPageTest" name="verifyRegistration" time="31.132"/>
  <testcase classname="tests.ProductsPageTest" name="verifyProductDetails" time="157.445"/>
  <testcase classname="tests.ProductsPageTest" name="verifyProductDetails" time="77.01"/>
  <testcase classname="tests.ProductsPageTest" name="verifyProductAddToCart" time="84.663"/>
</testsuite> <!-- Takealot Automation Tests -->
