<!DOCTYPE html PUBLIC "-//W3C//DTD XHTML 1.1//EN" "https://www.w3.org/TR/xhtml11/DTD/xhtml11.dtd">
<html xmlns="https://www.w3.org/1999/xhtml">
<head>
<meta http-equiv="content-type" content="text/html; charset=UTF-8"/>
<title>TestNG Report</title>
<style type="text/css">table {margin-bottom:10px;border-collapse:collapse;empty-cells:show}th,td {border:1px solid #009;padding:.25em .5em}th {vertical-align:bottom}td {vertical-align:top}table a {font-weight:bold}.stripe td {background-color: #E6EBF9}.num {text-align:right}.passedodd td {background-color: #3F3}.passedeven td {background-color: #0A0}.skippedodd td {background-color: #DDD}.skippedeven td {background-color: #CCC}.failedodd td,.attn {background-color: #F33}.failedeven td,.stripe .attn {background-color: #D00}.stacktrace {white-space:pre;font-family:monospace}.totop {font-size:85%;text-align:center;border-bottom:2px solid #000}.invisible {display:none}</style>
</head>
<body>
<table>
<tr><th>Test</th><th># Passed</th><th># Skipped</th><th># Retried</th><th># Failed</th><th>Time (ms)</th><th>Included Groups</th><th>Excluded Groups</th></tr>
<tr><th colspan="8">Takealot Suite</th></tr>
<tr><td><a href="#t0">Takealot Automation Tests</a></td><td class="num">36</td><td class="num attn">6</td><td class="num">0</td><td class="num attn">2</td><td class="num">680Â 415</td><td></td><td></td></tr>
</table>
<table id='summary'><thead><tr><th>Class</th><th>Method</th><th>Start</th><th>Time (ms)</th></tr></thead><tbody><tr><th colspan="4">Takealot Suite</th></tr></tbody><tbody id="t0"><tr><th colspan="4">Takealot Automation Tests &#8212; failed (configuration methods)</th></tr><tr class="failedeven"><td rowspan="1">tests.CartPageTest</td><td><a href="#m0">setUp</a></td><td rowspan="1">1724003580915</td><td rowspan="1">35789</td></tr><tr><th colspan="4">Takealot Automation Tests &#8212; failed</th></tr><tr class="failedeven"><td rowspan="1">tests.ProductsPageTest</td><td><a href="#m1">verifyProductDetails</a></td><td rowspan="1">1724003684820</td><td rowspan="1">88722</td></tr><tr class="failedodd"><td rowspan="1">tests.RegistrationPageTest</td><td><a href="#m2">verifyRegistration</a></td><td rowspan="1">1724003644683</td><td rowspan="1">54502</td></tr><tr><th colspan="4">Takealot Automation Tests &#8212; skipped (configuration methods)</th></tr><tr class="skippedeven"><td rowspan="1">tests.CartPageTest</td><td><a href="#m3">tearDown</a></td><td rowspan="1">1724003617089</td><td rowspan="1">0</td></tr><tr><th colspan="4">Takealot Automation Tests &#8212; skipped</th></tr><tr class="skippedeven"><td rowspan="6">tests.CartPageTest</td><td><a href="#m4">verifyCartIsEmpty</a></td><td rowspan="1">1724003616710</td><td rowspan="1">0</td></tr><tr class="skippedeven"><td><a href="#m5">verifyCartNotEmpty</a></td><td rowspan="1">1724003616780</td><td rowspan="1">0</td></tr><tr class="skippedeven"><td><a href="#m6">verifyItemDetailsInCart</a></td><td rowspan="1">1724003616825</td><td rowspan="1">0</td></tr><tr class="skippedeven"><td><a href="#m7">verifyMoveItemToWishlist</a></td><td rowspan="1">1724003617017</td><td rowspan="1">0</td></tr><tr class="skippedeven"><td><a href="#m8">verifyRemovalOfItemFromCart</a></td><td rowspan="1">1724003616949</td><td rowspan="1">0</td></tr><tr class="skippedeven"><td><a href="#m9">verifyTotalCartPrice</a></td><td rowspan="1">1724003616896</td><td rowspan="1">0</td></tr><tr><th colspan="4">Takealot Automation Tests &#8212; passed</th></tr><tr class="passedeven"><td rowspan="14">tests.HomePageTest</td><td><a href="#m10">testNavigateToCart</a></td><td rowspan="1">1724003614269</td><td rowspan="1">8097</td></tr><tr class="passedeven"><td><a href="#m11">testNavigateToLogin</a></td><td rowspan="1">1724003604145</td><td rowspan="1">10112</td></tr><tr class="passedeven"><td><a href="#m12">testNavigateToRegister</a></td><td rowspan="1">1724003594283</td><td rowspan="1">9858</td></tr><tr class="passedeven"><td><a href="#m13">verifySearchFunctionality</a></td><td rowspan="10">1724003624849</td><td rowspan="10">31098</td></tr><tr class="passedeven"><td><a href="#m14">verifySearchFunctionality</a></td></tr><tr class="passedeven"><td><a href="#m15">verifySearchFunctionality</a></td></tr><tr class="passedeven"><td><a href="#m16">verifySearchFunctionality</a></td></tr><tr class="passedeven"><td><a href="#m17">verifySearchFunctionality</a></td></tr><tr class="passedeven"><td><a href="#m18">verifySearchFunctionality</a></td></tr><tr class="passedeven"><td><a href="#m19">verifySearchFunctionality</a></td></tr><tr class="passedeven"><td><a href="#m20">verifySearchFunctionality</a></td></tr><tr class="passedeven"><td><a href="#m21">verifySearchFunctionality</a></td></tr><tr class="passedeven"><td><a href="#m22">verifySearchFunctionality</a></td></tr><tr class="passedeven"><td><a href="#m23">verifyTitle</a></td><td rowspan="1">1724003593825</td><td rowspan="1">385</td></tr><tr class="passedodd"><td rowspan="4">tests.LoginPageTest</td><td><a href="#m24">verifyLogin</a></td><td rowspan="4">1724003653142</td><td rowspan="4">25271</td></tr><tr class="passedodd"><td><a href="#m25">verifyLogin</a></td></tr><tr class="passedodd"><td><a href="#m26">verifyLogin</a></td></tr><tr class="passedodd"><td><a href="#m27">verifyLogin</a></td></tr><tr class="passedeven"><td rowspan="8">tests.ProductsPageTest</td><td><a href="#m28">verifyFilteredProducts</a></td><td rowspan="1">1724003683261</td><td rowspan="1">352</td></tr><tr class="passedeven"><td><a href="#m29">verifyGetProductByPrice</a></td><td rowspan="1">1724003683625</td><td rowspan="1">275</td></tr><tr class="passedeven"><td><a href="#m30">verifyIsResultsVisible</a></td><td rowspan="1">1724003621139</td><td rowspan="1">252</td></tr><tr class="passedeven"><td><a href="#m31">verifyProductAddToCart</a></td><td rowspan="1">1724004175591</td><td rowspan="1">84663</td></tr><tr class="passedeven"><td><a href="#m32">verifyProductDetails</a></td><td rowspan="3">1724003773542</td><td rowspan="3">167589</td></tr><tr class="passedeven"><td><a href="#m33">verifyProductDetails</a></td></tr><tr class="passedeven"><td><a href="#m34">verifyProductDetails</a></td></tr><tr class="passedeven"><td><a href="#m35">verifyProductsRetrieval</a></td><td rowspan="1">1724003621394</td><td rowspan="1">61860</td></tr><tr class="passedodd"><td rowspan="10">tests.RegistrationPageTest</td><td><a href="#m36">verifyRegistration</a></td><td rowspan="10">1724003812228</td><td rowspan="10">29140</td></tr><tr class="passedodd"><td><a href="#m37">verifyRegistration</a></td></tr><tr class="passedodd"><td><a href="#m38">verifyRegistration</a></td></tr><tr class="passedodd"><td><a href="#m39">verifyRegistration</a></td></tr><tr class="passedodd"><td><a href="#m40">verifyRegistration</a></td></tr><tr class="passedodd"><td><a href="#m41">verifyRegistration</a></td></tr><tr class="passedodd"><td><a href="#m42">verifyRegistration</a></td></tr><tr class="passedodd"><td><a href="#m43">verifyRegistration</a></td></tr><tr class="passedodd"><td><a href="#m44">verifyRegistration</a></td></tr><tr class="passedodd"><td><a href="#m45">verifyRegistration</a></td></tr></tbody>
</table>
<h2>Takealot Automation Tests</h2><h3 id="m0">tests.CartPageTest#setUp</h3><table class="result"><tr><th>Exception</th></tr><tr><td><div class="stacktrace">org.openqa.selenium.NoSuchElementException: no such element: element not found
  (Session info: chrome=127.0.6533.100)
For documentation on this error, please visit: https://www.selenium.dev/documentation/webdriver/troubleshooting/errors#no-such-element-exception
Build info: version: &apos;4.23.0&apos;, revision: &apos;4df0a231af&apos;
System info: os.name: &apos;Windows 11&apos;, os.arch: &apos;amd64&apos;, os.version: &apos;10.0&apos;, java.version: &apos;17.0.10&apos;
Driver info: org.openqa.selenium.chrome.ChromeDriver
Command: [385032655c643c347adf27c42c4c36e4, actions {actions=[org.openqa.selenium.interactions.Sequence@223eb23]}]
Capabilities {acceptInsecureCerts: false, browserName: chrome, browserVersion: 127.0.6533.100, chrome: {chromedriverVersion: 127.0.6533.119 (bdef6783a05..., userDataDir: C:\Users\KWAZIN~1\AppData\L...}, fedcm:accounts: true, goog:chromeOptions: {debuggerAddress: localhost:60636}, networkConnectionEnabled: false, pageLoadStrategy: normal, platformName: windows, proxy: Proxy(), se:cdp: ws://localhost:60636/devtoo..., se:cdpVersion: 127.0.6533.100, setWindowRect: true, strictFileInteractability: false, timeouts: {implicit: 0, pageLoad: 300000, script: 30000}, unhandledPromptBehavior: dismiss and notify, webauthn:extension:credBlob: true, webauthn:extension:largeBlob: true, webauthn:extension:minPinLength: true, webauthn:extension:prf: true, webauthn:virtualAuthenticators: true}
Session ID: 385032655c643c347adf27c42c4c36e4
	at org.openqa.selenium.remote.ErrorCodec.decode(ErrorCodec.java:167)
	at org.openqa.selenium.remote.codec.w3c.W3CHttpResponseCodec.decode(W3CHttpResponseCodec.java:138)
	at org.openqa.selenium.remote.codec.w3c.W3CHttpResponseCodec.decode(W3CHttpResponseCodec.java:50)
	at org.openqa.selenium.remote.HttpCommandExecutor.execute(HttpCommandExecutor.java:190)
	at org.openqa.selenium.remote.service.DriverCommandExecutor.invokeExecute(DriverCommandExecutor.java:216)
	at org.openqa.selenium.remote.service.DriverCommandExecutor.execute(DriverCommandExecutor.java:174)
	at org.openqa.selenium.remote.RemoteWebDriver.execute(RemoteWebDriver.java:527)
	at org.openqa.selenium.remote.RemoteWebDriver.perform(RemoteWebDriver.java:613)
	at org.openqa.selenium.interactions.Actions$BuiltAction.perform(Actions.java:613)
	at org.openqa.selenium.interactions.Actions.perform(Actions.java:578)
	at utilities.ActionUtil.clickElement(ActionUtil.java:79)
	at components.NavBar.clickNavLink(NavBar.java:94)
	at pages.HomePage.navigateToCart(HomePage.java:183)
	at tests.CartPageTest.setUp(CartPageTest.java:49)
	at java.base/java.util.concurrent.Executors$RunnableAdapter.call(Executors.java:539)
	at java.base/java.util.concurrent.FutureTask.run(FutureTask.java:264)
	at java.base/java.util.concurrent.ThreadPoolExecutor.runWorker(ThreadPoolExecutor.java:1136)
	at java.base/java.util.concurrent.ThreadPoolExecutor$Worker.run(ThreadPoolExecutor.java:635)
	at java.base/java.lang.Thread.run(Thread.java:840)
... Removed 15 stack frames</div></td></tr></table><p class="totop"><a href="#summary">back to summary</a></p>
<h3 id="m1">tests.ProductsPageTest#verifyProductDetails</h3><table class="result"><tr class="param"><th>Parameter #1</th><th>Parameter #2</th><th>Parameter #3</th><th>Parameter #4</th><th>Parameter #5</th><th>Parameter #6</th><th>Parameter #7</th></tr><tr class="param stripe"><td>Apple iPhone 15 Pro Max 256GB</td><td>Apple</td><td>27595.0</td><td>4.8</td><td>40.0</td><td>smartphones</td><td>yes</td></tr><tr><th colspan="7">Exception</th></tr><tr><td colspan="7"><div class="stacktrace">java.lang.AssertionError: Product price does not match expected [27595.00] but found [27084.00]
	at tests.ProductsPageTest.verifyProductDetails(ProductsPageTest.java:179)
	at java.base/java.util.concurrent.Executors$RunnableAdapter.call(Executors.java:539)
	at java.base/java.util.concurrent.FutureTask.run(FutureTask.java:264)
	at java.base/java.util.concurrent.ThreadPoolExecutor.runWorker(ThreadPoolExecutor.java:1136)
	at java.base/java.util.concurrent.ThreadPoolExecutor$Worker.run(ThreadPoolExecutor.java:635)
	at java.base/java.lang.Thread.run(Thread.java:840)
... Removed 17 stack frames</div></td></tr></table><p class="totop"><a href="#summary">back to summary</a></p>
<h3 id="m2">tests.RegistrationPageTest#verifyRegistration</h3><table class="result"><tr class="param"><th>Parameter #1</th><th>Parameter #2</th><th>Parameter #3</th><th>Parameter #4</th><th>Parameter #5</th><th>Parameter #6</th><th>Parameter #7</th><th>Parameter #8</th></tr><tr class="param stripe"><td>TC002</td><td>John</td><td>Doe</td><td>jon.doe@gmail.com</td><td>P@ssw0rd</td><td>0612345679</td><td>Success</td><td>yes</td></tr><tr><th colspan="8">Exception</th></tr><tr><td colspan="8"><div class="stacktrace">java.lang.AssertionError: OTP not sent. expected [true] but found [false]
	at tests.RegistrationPageTest.verifyRegistration(RegistrationPageTest.java:98)
	at java.base/java.util.concurrent.Executors$RunnableAdapter.call(Executors.java:539)
	at java.base/java.util.concurrent.FutureTask.run(FutureTask.java:264)
	at java.base/java.util.concurrent.ThreadPoolExecutor.runWorker(ThreadPoolExecutor.java:1136)
	at java.base/java.util.concurrent.ThreadPoolExecutor$Worker.run(ThreadPoolExecutor.java:635)
	at java.base/java.lang.Thread.run(Thread.java:840)
... Removed 16 stack frames</div></td></tr></table><p class="totop"><a href="#summary">back to summary</a></p>
<h3 id="m3">tests.CartPageTest#tearDown</h3><table class="result"><tr><th class="invisible"/></tr></table><p class="totop"><a href="#summary">back to summary</a></p>
<h3 id="m4">tests.CartPageTest#verifyCartIsEmpty</h3><table class="result"><tr><th>Exception</th></tr><tr><td><div class="stacktrace">org.openqa.selenium.NoSuchElementException: no such element: element not found
  (Session info: chrome=127.0.6533.100)
For documentation on this error, please visit: https://www.selenium.dev/documentation/webdriver/troubleshooting/errors#no-such-element-exception
Build info: version: &apos;4.23.0&apos;, revision: &apos;4df0a231af&apos;
System info: os.name: &apos;Windows 11&apos;, os.arch: &apos;amd64&apos;, os.version: &apos;10.0&apos;, java.version: &apos;17.0.10&apos;
Driver info: org.openqa.selenium.chrome.ChromeDriver
Command: [385032655c643c347adf27c42c4c36e4, actions {actions=[org.openqa.selenium.interactions.Sequence@223eb23]}]
Capabilities {acceptInsecureCerts: false, browserName: chrome, browserVersion: 127.0.6533.100, chrome: {chromedriverVersion: 127.0.6533.119 (bdef6783a05..., userDataDir: C:\Users\KWAZIN~1\AppData\L...}, fedcm:accounts: true, goog:chromeOptions: {debuggerAddress: localhost:60636}, networkConnectionEnabled: false, pageLoadStrategy: normal, platformName: windows, proxy: Proxy(), se:cdp: ws://localhost:60636/devtoo..., se:cdpVersion: 127.0.6533.100, setWindowRect: true, strictFileInteractability: false, timeouts: {implicit: 0, pageLoad: 300000, script: 30000}, unhandledPromptBehavior: dismiss and notify, webauthn:extension:credBlob: true, webauthn:extension:largeBlob: true, webauthn:extension:minPinLength: true, webauthn:extension:prf: true, webauthn:virtualAuthenticators: true}
Session ID: 385032655c643c347adf27c42c4c36e4
	at org.openqa.selenium.remote.ErrorCodec.decode(ErrorCodec.java:167)
	at org.openqa.selenium.remote.codec.w3c.W3CHttpResponseCodec.decode(W3CHttpResponseCodec.java:138)
	at org.openqa.selenium.remote.codec.w3c.W3CHttpResponseCodec.decode(W3CHttpResponseCodec.java:50)
	at org.openqa.selenium.remote.HttpCommandExecutor.execute(HttpCommandExecutor.java:190)
	at org.openqa.selenium.remote.service.DriverCommandExecutor.invokeExecute(DriverCommandExecutor.java:216)
	at org.openqa.selenium.remote.service.DriverCommandExecutor.execute(DriverCommandExecutor.java:174)
	at org.openqa.selenium.remote.RemoteWebDriver.execute(RemoteWebDriver.java:527)
	at org.openqa.selenium.remote.RemoteWebDriver.perform(RemoteWebDriver.java:613)
	at org.openqa.selenium.interactions.Actions$BuiltAction.perform(Actions.java:613)
	at org.openqa.selenium.interactions.Actions.perform(Actions.java:578)
	at utilities.ActionUtil.clickElement(ActionUtil.java:79)
	at components.NavBar.clickNavLink(NavBar.java:94)
	at pages.HomePage.navigateToCart(HomePage.java:183)
	at tests.CartPageTest.setUp(CartPageTest.java:49)
	at java.base/java.util.concurrent.Executors$RunnableAdapter.call(Executors.java:539)
	at java.base/java.util.concurrent.FutureTask.run(FutureTask.java:264)
	at java.base/java.util.concurrent.ThreadPoolExecutor.runWorker(ThreadPoolExecutor.java:1136)
	at java.base/java.util.concurrent.ThreadPoolExecutor$Worker.run(ThreadPoolExecutor.java:635)
	at java.base/java.lang.Thread.run(Thread.java:840)
... Removed 15 stack frames</div></td></tr></table><p class="totop"><a href="#summary">back to summary</a></p>
<h3 id="m5">tests.CartPageTest#verifyCartNotEmpty</h3><table class="result"><tr><th>Exception</th></tr><tr><td><div class="stacktrace">org.openqa.selenium.NoSuchElementException: no such element: element not found
  (Session info: chrome=127.0.6533.100)
For documentation on this error, please visit: https://www.selenium.dev/documentation/webdriver/troubleshooting/errors#no-such-element-exception
Build info: version: &apos;4.23.0&apos;, revision: &apos;4df0a231af&apos;
System info: os.name: &apos;Windows 11&apos;, os.arch: &apos;amd64&apos;, os.version: &apos;10.0&apos;, java.version: &apos;17.0.10&apos;
Driver info: org.openqa.selenium.chrome.ChromeDriver
Command: [385032655c643c347adf27c42c4c36e4, actions {actions=[org.openqa.selenium.interactions.Sequence@223eb23]}]
Capabilities {acceptInsecureCerts: false, browserName: chrome, browserVersion: 127.0.6533.100, chrome: {chromedriverVersion: 127.0.6533.119 (bdef6783a05..., userDataDir: C:\Users\KWAZIN~1\AppData\L...}, fedcm:accounts: true, goog:chromeOptions: {debuggerAddress: localhost:60636}, networkConnectionEnabled: false, pageLoadStrategy: normal, platformName: windows, proxy: Proxy(), se:cdp: ws://localhost:60636/devtoo..., se:cdpVersion: 127.0.6533.100, setWindowRect: true, strictFileInteractability: false, timeouts: {implicit: 0, pageLoad: 300000, script: 30000}, unhandledPromptBehavior: dismiss and notify, webauthn:extension:credBlob: true, webauthn:extension:largeBlob: true, webauthn:extension:minPinLength: true, webauthn:extension:prf: true, webauthn:virtualAuthenticators: true}
Session ID: 385032655c643c347adf27c42c4c36e4
	at org.openqa.selenium.remote.ErrorCodec.decode(ErrorCodec.java:167)
	at org.openqa.selenium.remote.codec.w3c.W3CHttpResponseCodec.decode(W3CHttpResponseCodec.java:138)
	at org.openqa.selenium.remote.codec.w3c.W3CHttpResponseCodec.decode(W3CHttpResponseCodec.java:50)
	at org.openqa.selenium.remote.HttpCommandExecutor.execute(HttpCommandExecutor.java:190)
	at org.openqa.selenium.remote.service.DriverCommandExecutor.invokeExecute(DriverCommandExecutor.java:216)
	at org.openqa.selenium.remote.service.DriverCommandExecutor.execute(DriverCommandExecutor.java:174)
	at org.openqa.selenium.remote.RemoteWebDriver.execute(RemoteWebDriver.java:527)
	at org.openqa.selenium.remote.RemoteWebDriver.perform(RemoteWebDriver.java:613)
	at org.openqa.selenium.interactions.Actions$BuiltAction.perform(Actions.java:613)
	at org.openqa.selenium.interactions.Actions.perform(Actions.java:578)
	at utilities.ActionUtil.clickElement(ActionUtil.java:79)
	at components.NavBar.clickNavLink(NavBar.java:94)
	at pages.HomePage.navigateToCart(HomePage.java:183)
	at tests.CartPageTest.setUp(CartPageTest.java:49)
	at java.base/java.util.concurrent.Executors$RunnableAdapter.call(Executors.java:539)
	at java.base/java.util.concurrent.FutureTask.run(FutureTask.java:264)
	at java.base/java.util.concurrent.ThreadPoolExecutor.runWorker(ThreadPoolExecutor.java:1136)
	at java.base/java.util.concurrent.ThreadPoolExecutor$Worker.run(ThreadPoolExecutor.java:635)
	at java.base/java.lang.Thread.run(Thread.java:840)
... Removed 15 stack frames</div></td></tr></table><p class="totop"><a href="#summary">back to summary</a></p>
<h3 id="m6">tests.CartPageTest#verifyItemDetailsInCart</h3><table class="result"><tr><th>Exception</th></tr><tr><td><div class="stacktrace">org.openqa.selenium.NoSuchElementException: no such element: element not found
  (Session info: chrome=127.0.6533.100)
For documentation on this error, please visit: https://www.selenium.dev/documentation/webdriver/troubleshooting/errors#no-such-element-exception
Build info: version: &apos;4.23.0&apos;, revision: &apos;4df0a231af&apos;
System info: os.name: &apos;Windows 11&apos;, os.arch: &apos;amd64&apos;, os.version: &apos;10.0&apos;, java.version: &apos;17.0.10&apos;
Driver info: org.openqa.selenium.chrome.ChromeDriver
Command: [385032655c643c347adf27c42c4c36e4, actions {actions=[org.openqa.selenium.interactions.Sequence@223eb23]}]
Capabilities {acceptInsecureCerts: false, browserName: chrome, browserVersion: 127.0.6533.100, chrome: {chromedriverVersion: 127.0.6533.119 (bdef6783a05..., userDataDir: C:\Users\KWAZIN~1\AppData\L...}, fedcm:accounts: true, goog:chromeOptions: {debuggerAddress: localhost:60636}, networkConnectionEnabled: false, pageLoadStrategy: normal, platformName: windows, proxy: Proxy(), se:cdp: ws://localhost:60636/devtoo..., se:cdpVersion: 127.0.6533.100, setWindowRect: true, strictFileInteractability: false, timeouts: {implicit: 0, pageLoad: 300000, script: 30000}, unhandledPromptBehavior: dismiss and notify, webauthn:extension:credBlob: true, webauthn:extension:largeBlob: true, webauthn:extension:minPinLength: true, webauthn:extension:prf: true, webauthn:virtualAuthenticators: true}
Session ID: 385032655c643c347adf27c42c4c36e4
	at org.openqa.selenium.remote.ErrorCodec.decode(ErrorCodec.java:167)
	at org.openqa.selenium.remote.codec.w3c.W3CHttpResponseCodec.decode(W3CHttpResponseCodec.java:138)
	at org.openqa.selenium.remote.codec.w3c.W3CHttpResponseCodec.decode(W3CHttpResponseCodec.java:50)
	at org.openqa.selenium.remote.HttpCommandExecutor.execute(HttpCommandExecutor.java:190)
	at org.openqa.selenium.remote.service.DriverCommandExecutor.invokeExecute(DriverCommandExecutor.java:216)
	at org.openqa.selenium.remote.service.DriverCommandExecutor.execute(DriverCommandExecutor.java:174)
	at org.openqa.selenium.remote.RemoteWebDriver.execute(RemoteWebDriver.java:527)
	at org.openqa.selenium.remote.RemoteWebDriver.perform(RemoteWebDriver.java:613)
	at org.openqa.selenium.interactions.Actions$BuiltAction.perform(Actions.java:613)
	at org.openqa.selenium.interactions.Actions.perform(Actions.java:578)
	at utilities.ActionUtil.clickElement(ActionUtil.java:79)
	at components.NavBar.clickNavLink(NavBar.java:94)
	at pages.HomePage.navigateToCart(HomePage.java:183)
	at tests.CartPageTest.setUp(CartPageTest.java:49)
	at java.base/java.util.concurrent.Executors$RunnableAdapter.call(Executors.java:539)
	at java.base/java.util.concurrent.FutureTask.run(FutureTask.java:264)
	at java.base/java.util.concurrent.ThreadPoolExecutor.runWorker(ThreadPoolExecutor.java:1136)
	at java.base/java.util.concurrent.ThreadPoolExecutor$Worker.run(ThreadPoolExecutor.java:635)
	at java.base/java.lang.Thread.run(Thread.java:840)
... Removed 15 stack frames</div></td></tr></table><p class="totop"><a href="#summary">back to summary</a></p>
<h3 id="m7">tests.CartPageTest#verifyMoveItemToWishlist</h3><table class="result"><tr><th>Exception</th></tr><tr><td><div class="stacktrace">org.openqa.selenium.NoSuchElementException: no such element: element not found
  (Session info: chrome=127.0.6533.100)
For documentation on this error, please visit: https://www.selenium.dev/documentation/webdriver/troubleshooting/errors#no-such-element-exception
Build info: version: &apos;4.23.0&apos;, revision: &apos;4df0a231af&apos;
System info: os.name: &apos;Windows 11&apos;, os.arch: &apos;amd64&apos;, os.version: &apos;10.0&apos;, java.version: &apos;17.0.10&apos;
Driver info: org.openqa.selenium.chrome.ChromeDriver
Command: [385032655c643c347adf27c42c4c36e4, actions {actions=[org.openqa.selenium.interactions.Sequence@223eb23]}]
Capabilities {acceptInsecureCerts: false, browserName: chrome, browserVersion: 127.0.6533.100, chrome: {chromedriverVersion: 127.0.6533.119 (bdef6783a05..., userDataDir: C:\Users\KWAZIN~1\AppData\L...}, fedcm:accounts: true, goog:chromeOptions: {debuggerAddress: localhost:60636}, networkConnectionEnabled: false, pageLoadStrategy: normal, platformName: windows, proxy: Proxy(), se:cdp: ws://localhost:60636/devtoo..., se:cdpVersion: 127.0.6533.100, setWindowRect: true, strictFileInteractability: false, timeouts: {implicit: 0, pageLoad: 300000, script: 30000}, unhandledPromptBehavior: dismiss and notify, webauthn:extension:credBlob: true, webauthn:extension:largeBlob: true, webauthn:extension:minPinLength: true, webauthn:extension:prf: true, webauthn:virtualAuthenticators: true}
Session ID: 385032655c643c347adf27c42c4c36e4
	at org.openqa.selenium.remote.ErrorCodec.decode(ErrorCodec.java:167)
	at org.openqa.selenium.remote.codec.w3c.W3CHttpResponseCodec.decode(W3CHttpResponseCodec.java:138)
	at org.openqa.selenium.remote.codec.w3c.W3CHttpResponseCodec.decode(W3CHttpResponseCodec.java:50)
	at org.openqa.selenium.remote.HttpCommandExecutor.execute(HttpCommandExecutor.java:190)
	at org.openqa.selenium.remote.service.DriverCommandExecutor.invokeExecute(DriverCommandExecutor.java:216)
	at org.openqa.selenium.remote.service.DriverCommandExecutor.execute(DriverCommandExecutor.java:174)
	at org.openqa.selenium.remote.RemoteWebDriver.execute(RemoteWebDriver.java:527)
	at org.openqa.selenium.remote.RemoteWebDriver.perform(RemoteWebDriver.java:613)
	at org.openqa.selenium.interactions.Actions$BuiltAction.perform(Actions.java:613)
	at org.openqa.selenium.interactions.Actions.perform(Actions.java:578)
	at utilities.ActionUtil.clickElement(ActionUtil.java:79)
	at components.NavBar.clickNavLink(NavBar.java:94)
	at pages.HomePage.navigateToCart(HomePage.java:183)
	at tests.CartPageTest.setUp(CartPageTest.java:49)
	at java.base/java.util.concurrent.Executors$RunnableAdapter.call(Executors.java:539)
	at java.base/java.util.concurrent.FutureTask.run(FutureTask.java:264)
	at java.base/java.util.concurrent.ThreadPoolExecutor.runWorker(ThreadPoolExecutor.java:1136)
	at java.base/java.util.concurrent.ThreadPoolExecutor$Worker.run(ThreadPoolExecutor.java:635)
	at java.base/java.lang.Thread.run(Thread.java:840)
... Removed 15 stack frames</div></td></tr></table><p class="totop"><a href="#summary">back to summary</a></p>
<h3 id="m8">tests.CartPageTest#verifyRemovalOfItemFromCart</h3><table class="result"><tr><th>Exception</th></tr><tr><td><div class="stacktrace">org.openqa.selenium.NoSuchElementException: no such element: element not found
  (Session info: chrome=127.0.6533.100)
For documentation on this error, please visit: https://www.selenium.dev/documentation/webdriver/troubleshooting/errors#no-such-element-exception
Build info: version: &apos;4.23.0&apos;, revision: &apos;4df0a231af&apos;
System info: os.name: &apos;Windows 11&apos;, os.arch: &apos;amd64&apos;, os.version: &apos;10.0&apos;, java.version: &apos;17.0.10&apos;
Driver info: org.openqa.selenium.chrome.ChromeDriver
Command: [385032655c643c347adf27c42c4c36e4, actions {actions=[org.openqa.selenium.interactions.Sequence@223eb23]}]
Capabilities {acceptInsecureCerts: false, browserName: chrome, browserVersion: 127.0.6533.100, chrome: {chromedriverVersion: 127.0.6533.119 (bdef6783a05..., userDataDir: C:\Users\KWAZIN~1\AppData\L...}, fedcm:accounts: true, goog:chromeOptions: {debuggerAddress: localhost:60636}, networkConnectionEnabled: false, pageLoadStrategy: normal, platformName: windows, proxy: Proxy(), se:cdp: ws://localhost:60636/devtoo..., se:cdpVersion: 127.0.6533.100, setWindowRect: true, strictFileInteractability: false, timeouts: {implicit: 0, pageLoad: 300000, script: 30000}, unhandledPromptBehavior: dismiss and notify, webauthn:extension:credBlob: true, webauthn:extension:largeBlob: true, webauthn:extension:minPinLength: true, webauthn:extension:prf: true, webauthn:virtualAuthenticators: true}
Session ID: 385032655c643c347adf27c42c4c36e4
	at org.openqa.selenium.remote.ErrorCodec.decode(ErrorCodec.java:167)
	at org.openqa.selenium.remote.codec.w3c.W3CHttpResponseCodec.decode(W3CHttpResponseCodec.java:138)
	at org.openqa.selenium.remote.codec.w3c.W3CHttpResponseCodec.decode(W3CHttpResponseCodec.java:50)
	at org.openqa.selenium.remote.HttpCommandExecutor.execute(HttpCommandExecutor.java:190)
	at org.openqa.selenium.remote.service.DriverCommandExecutor.invokeExecute(DriverCommandExecutor.java:216)
	at org.openqa.selenium.remote.service.DriverCommandExecutor.execute(DriverCommandExecutor.java:174)
	at org.openqa.selenium.remote.RemoteWebDriver.execute(RemoteWebDriver.java:527)
	at org.openqa.selenium.remote.RemoteWebDriver.perform(RemoteWebDriver.java:613)
	at org.openqa.selenium.interactions.Actions$BuiltAction.perform(Actions.java:613)
	at org.openqa.selenium.interactions.Actions.perform(Actions.java:578)
	at utilities.ActionUtil.clickElement(ActionUtil.java:79)
	at components.NavBar.clickNavLink(NavBar.java:94)
	at pages.HomePage.navigateToCart(HomePage.java:183)
	at tests.CartPageTest.setUp(CartPageTest.java:49)
	at java.base/java.util.concurrent.Executors$RunnableAdapter.call(Executors.java:539)
	at java.base/java.util.concurrent.FutureTask.run(FutureTask.java:264)
	at java.base/java.util.concurrent.ThreadPoolExecutor.runWorker(ThreadPoolExecutor.java:1136)
	at java.base/java.util.concurrent.ThreadPoolExecutor$Worker.run(ThreadPoolExecutor.java:635)
	at java.base/java.lang.Thread.run(Thread.java:840)
... Removed 15 stack frames</div></td></tr></table><p class="totop"><a href="#summary">back to summary</a></p>
<h3 id="m9">tests.CartPageTest#verifyTotalCartPrice</h3><table class="result"><tr><th>Exception</th></tr><tr><td><div class="stacktrace">org.openqa.selenium.NoSuchElementException: no such element: element not found
  (Session info: chrome=127.0.6533.100)
For documentation on this error, please visit: https://www.selenium.dev/documentation/webdriver/troubleshooting/errors#no-such-element-exception
Build info: version: &apos;4.23.0&apos;, revision: &apos;4df0a231af&apos;
System info: os.name: &apos;Windows 11&apos;, os.arch: &apos;amd64&apos;, os.version: &apos;10.0&apos;, java.version: &apos;17.0.10&apos;
Driver info: org.openqa.selenium.chrome.ChromeDriver
Command: [385032655c643c347adf27c42c4c36e4, actions {actions=[org.openqa.selenium.interactions.Sequence@223eb23]}]
Capabilities {acceptInsecureCerts: false, browserName: chrome, browserVersion: 127.0.6533.100, chrome: {chromedriverVersion: 127.0.6533.119 (bdef6783a05..., userDataDir: C:\Users\KWAZIN~1\AppData\L...}, fedcm:accounts: true, goog:chromeOptions: {debuggerAddress: localhost:60636}, networkConnectionEnabled: false, pageLoadStrategy: normal, platformName: windows, proxy: Proxy(), se:cdp: ws://localhost:60636/devtoo..., se:cdpVersion: 127.0.6533.100, setWindowRect: true, strictFileInteractability: false, timeouts: {implicit: 0, pageLoad: 300000, script: 30000}, unhandledPromptBehavior: dismiss and notify, webauthn:extension:credBlob: true, webauthn:extension:largeBlob: true, webauthn:extension:minPinLength: true, webauthn:extension:prf: true, webauthn:virtualAuthenticators: true}
Session ID: 385032655c643c347adf27c42c4c36e4
	at org.openqa.selenium.remote.ErrorCodec.decode(ErrorCodec.java:167)
	at org.openqa.selenium.remote.codec.w3c.W3CHttpResponseCodec.decode(W3CHttpResponseCodec.java:138)
	at org.openqa.selenium.remote.codec.w3c.W3CHttpResponseCodec.decode(W3CHttpResponseCodec.java:50)
	at org.openqa.selenium.remote.HttpCommandExecutor.execute(HttpCommandExecutor.java:190)
	at org.openqa.selenium.remote.service.DriverCommandExecutor.invokeExecute(DriverCommandExecutor.java:216)
	at org.openqa.selenium.remote.service.DriverCommandExecutor.execute(DriverCommandExecutor.java:174)
	at org.openqa.selenium.remote.RemoteWebDriver.execute(RemoteWebDriver.java:527)
	at org.openqa.selenium.remote.RemoteWebDriver.perform(RemoteWebDriver.java:613)
	at org.openqa.selenium.interactions.Actions$BuiltAction.perform(Actions.java:613)
	at org.openqa.selenium.interactions.Actions.perform(Actions.java:578)
	at utilities.ActionUtil.clickElement(ActionUtil.java:79)
	at components.NavBar.clickNavLink(NavBar.java:94)
	at pages.HomePage.navigateToCart(HomePage.java:183)
	at tests.CartPageTest.setUp(CartPageTest.java:49)
	at java.base/java.util.concurrent.Executors$RunnableAdapter.call(Executors.java:539)
	at java.base/java.util.concurrent.FutureTask.run(FutureTask.java:264)
	at java.base/java.util.concurrent.ThreadPoolExecutor.runWorker(ThreadPoolExecutor.java:1136)
	at java.base/java.util.concurrent.ThreadPoolExecutor$Worker.run(ThreadPoolExecutor.java:635)
	at java.base/java.lang.Thread.run(Thread.java:840)
... Removed 15 stack frames</div></td></tr></table><p class="totop"><a href="#summary">back to summary</a></p>
<h3 id="m10">tests.HomePageTest#testNavigateToCart</h3><table class="result"><tr><th class="invisible"/></tr></table><p class="totop"><a href="#summary">back to summary</a></p>
<h3 id="m11">tests.HomePageTest#testNavigateToLogin</h3><table class="result"><tr><th class="invisible"/></tr></table><p class="totop"><a href="#summary">back to summary</a></p>
<h3 id="m12">tests.HomePageTest#testNavigateToRegister</h3><table class="result"><tr><th class="invisible"/></tr></table><p class="totop"><a href="#summary">back to summary</a></p>
<h3 id="m13">tests.HomePageTest#verifySearchFunctionality</h3><table class="result"><tr class="param"><th>Parameter #1</th><th>Parameter #2</th><th>Parameter #3</th></tr><tr class="param stripe"><td>TC001</td><td>iphone</td><td>results-page</td></tr></table><p class="totop"><a href="#summary">back to summary</a></p>
<h3 id="m14">tests.HomePageTest#verifySearchFunctionality</h3><table class="result"><tr class="param"><th>Parameter #1</th><th>Parameter #2</th><th>Parameter #3</th></tr><tr class="param stripe"><td>TC005</td><td>iphone 15</td><td>results-page</td></tr></table><p class="totop"><a href="#summary">back to summary</a></p>
<h3 id="m15">tests.HomePageTest#verifySearchFunctionality</h3><table class="result"><tr class="param"><th>Parameter #1</th><th>Parameter #2</th><th>Parameter #3</th></tr><tr class="param stripe"><td>TC010</td><td>gibharish-uhjbjk</td><td>empty-results-page</td></tr></table><p class="totop"><a href="#summary">back to summary</a></p>
<h3 id="m16">tests.HomePageTest#verifySearchFunctionality</h3><table class="result"><tr class="param"><th>Parameter #1</th><th>Parameter #2</th><th>Parameter #3</th></tr><tr class="param stripe"><td>TC007</td><td>!/*][#$&amp;</td><td>default-page</td></tr></table><p class="totop"><a href="#summary">back to summary</a></p>
<h3 id="m17">tests.HomePageTest#verifySearchFunctionality</h3><table class="result"><tr class="param"><th>Parameter #1</th><th>Parameter #2</th><th>Parameter #3</th></tr><tr class="param stripe"><td>TC006</td><td></td><td>default-page</td></tr></table><p class="totop"><a href="#summary">back to summary</a></p>
<h3 id="m18">tests.HomePageTest#verifySearchFunctionality</h3><table class="result"><tr class="param"><th>Parameter #1</th><th>Parameter #2</th><th>Parameter #3</th></tr><tr class="param stripe"><td>TC008</td><td>aaaaaaaaaaaaaaaaaaaaaaaaaaaaaaaaaaaaaaaaaaaaaaaaaaaaaaaaaaaaaaaaaaaaaaaaaaaaaaaaaaaaaaaaaaaaaaaaaaaaaaaaaaaaaaaaaa</td><td>empty-results-page</td></tr></table><p class="totop"><a href="#summary">back to summary</a></p>
<h3 id="m19">tests.HomePageTest#verifySearchFunctionality</h3><table class="result"><tr class="param"><th>Parameter #1</th><th>Parameter #2</th><th>Parameter #3</th></tr><tr class="param stripe"><td>TC009</td><td>XYZ123NonExistent</td><td>empty-results-page</td></tr></table><p class="totop"><a href="#summary">back to summary</a></p>
<h3 id="m20">tests.HomePageTest#verifySearchFunctionality</h3><table class="result"><tr class="param"><th>Parameter #1</th><th>Parameter #2</th><th>Parameter #3</th></tr><tr class="param stripe"><td>TC003</td><td>monitor</td><td>results-page</td></tr></table><p class="totop"><a href="#summary">back to summary</a></p>
<h3 id="m21">tests.HomePageTest#verifySearchFunctionality</h3><table class="result"><tr class="param"><th>Parameter #1</th><th>Parameter #2</th><th>Parameter #3</th></tr><tr class="param stripe"><td>TC004</td><td>IPHONE 15</td><td>results-page</td></tr></table><p class="totop"><a href="#summary">back to summary</a></p>
<h3 id="m22">tests.HomePageTest#verifySearchFunctionality</h3><table class="result"><tr class="param"><th>Parameter #1</th><th>Parameter #2</th><th>Parameter #3</th></tr><tr class="param stripe"><td>TC002</td><td>Wireless Earbuds</td><td>results-page</td></tr></table><p class="totop"><a href="#summary">back to summary</a></p>
<h3 id="m23">tests.HomePageTest#verifyTitle</h3><table class="result"><tr><th class="invisible"/></tr></table><p class="totop"><a href="#summary">back to summary</a></p>
<h3 id="m24">tests.LoginPageTest#verifyLogin</h3><table class="result"><tr class="param"><th>Parameter #1</th><th>Parameter #2</th><th>Parameter #3</th><th>Parameter #4</th><th>Parameter #5</th></tr><tr class="param stripe"><td>TC004</td><td>john.doe@gmail.com</td><td>P@ssw0rd</td><td>Incorrect Email or Password. Please try again and ensure Caps Lock is not enabled.</td><td>yes</td></tr></table><p class="totop"><a href="#summary">back to summary</a></p>
<h3 id="m25">tests.LoginPageTest#verifyLogin</h3><table class="result"><tr class="param"><th>Parameter #1</th><th>Parameter #2</th><th>Parameter #3</th><th>Parameter #4</th><th>Parameter #5</th></tr><tr class="param stripe"><td>TC002</td><td>john.doe@gmail.com</td><td>null</td><td>Please enter a password</td><td>yes</td></tr></table><p class="totop"><a href="#summary">back to summary</a></p>
<h3 id="m26">tests.LoginPageTest#verifyLogin</h3><table class="result"><tr class="param"><th>Parameter #1</th><th>Parameter #2</th><th>Parameter #3</th><th>Parameter #4</th><th>Parameter #5</th></tr><tr class="param stripe"><td>TC001</td><td></td><td>P@ssw0rd</td><td>Please fill in your email address</td><td>yes</td></tr></table><p class="totop"><a href="#summary">back to summary</a></p>
<h3 id="m27">tests.LoginPageTest#verifyLogin</h3><table class="result"><tr class="param"><th>Parameter #1</th><th>Parameter #2</th><th>Parameter #3</th><th>Parameter #4</th><th>Parameter #5</th></tr><tr class="param stripe"><td>TC003</td><td>jon.doe@gmail.com</td><td>P@ssw0rd</td><td>Incorrect Email or Password. Please try again and ensure Caps Lock is not enabled.</td><td>yes</td></tr></table><p class="totop"><a href="#summary">back to summary</a></p>
<h3 id="m28">tests.ProductsPageTest#verifyFilteredProducts</h3><table class="result"><tr><th class="invisible"/></tr></table><p class="totop"><a href="#summary">back to summary</a></p>
<h3 id="m29">tests.ProductsPageTest#verifyGetProductByPrice</h3><table class="result"><tr><th class="invisible"/></tr></table><p class="totop"><a href="#summary">back to summary</a></p>
<h3 id="m30">tests.ProductsPageTest#verifyIsResultsVisible</h3><table class="result"><tr><th class="invisible"/></tr></table><p class="totop"><a href="#summary">back to summary</a></p>
<h3 id="m31">tests.ProductsPageTest#verifyProductAddToCart</h3><table class="result"><tr><th class="invisible"/></tr></table><p class="totop"><a href="#summary">back to summary</a></p>
<h3 id="m32">tests.ProductsPageTest#verifyProductDetails</h3><table class="result"><tr class="param"><th>Parameter #1</th><th>Parameter #2</th><th>Parameter #3</th><th>Parameter #4</th><th>Parameter #5</th><th>Parameter #6</th><th>Parameter #7</th></tr><tr class="param stripe"><td>Apex - Marine Luxury Men&apos;s Leather Watch</td><td>Apex</td><td>690.0</td><td>5.0</td><td>4.0</td><td>Watches and accessories</td><td>yes</td></tr></table><p class="totop"><a href="#summary">back to summary</a></p>
<h3 id="m33">tests.ProductsPageTest#verifyProductDetails</h3><table class="result"><tr class="param"><th>Parameter #1</th><th>Parameter #2</th><th>Parameter #3</th><th>Parameter #4</th><th>Parameter #5</th><th>Parameter #6</th><th>Parameter #7</th></tr><tr class="param stripe"><td>Fujifilm Instax Mini 12 Camera + Case and Film</td><td>Fujifilm Instax</td><td>1999.0</td><td>4.8</td><td>120.0</td><td>Cameras</td><td>yes</td></tr></table><p class="totop"><a href="#summary">back to summary</a></p>
<h3 id="m34">tests.ProductsPageTest#verifyProductDetails</h3><table class="result"><tr class="param"><th>Parameter #1</th><th>Parameter #2</th><th>Parameter #3</th><th>Parameter #4</th><th>Parameter #5</th><th>Parameter #6</th><th>Parameter #7</th></tr><tr class="param stripe"><td>Fender Squier SA-105CE Acoustic Electric Guitar</td><td>Squier</td><td>3495.0</td><td>4.2</td><td>4.0</td><td>Music</td><td>yes</td></tr></table><p class="totop"><a href="#summary">back to summary</a></p>
<h3 id="m35">tests.ProductsPageTest#verifyProductsRetrieval</h3><table class="result"><tr><th class="invisible"/></tr></table><p class="totop"><a href="#summary">back to summary</a></p>
<h3 id="m36">tests.RegistrationPageTest#verifyRegistration</h3><table class="result"><tr class="param"><th>Parameter #1</th><th>Parameter #2</th><th>Parameter #3</th><th>Parameter #4</th><th>Parameter #5</th><th>Parameter #6</th><th>Parameter #7</th><th>Parameter #8</th></tr><tr class="param stripe"><td>TC007</td><td>John</td><td>Doe</td><td>jon.doe@gmail.com</td><td></td><td>012345683</td><td>Please enter a password</td><td>yes</td></tr></table><p class="totop"><a href="#summary">back to summary</a></p>
<h3 id="m37">tests.RegistrationPageTest#verifyRegistration</h3><table class="result"><tr class="param"><th>Parameter #1</th><th>Parameter #2</th><th>Parameter #3</th><th>Parameter #4</th><th>Parameter #5</th><th>Parameter #6</th><th>Parameter #7</th><th>Parameter #8</th></tr><tr class="param stripe"><td>TC006</td><td>John</td><td>Doe</td><td>jon.doe@gmail.com</td><td>short</td><td>012345682</td><td>Password must be at least 8 characters and 1 special character or number</td><td>yes</td></tr></table><p class="totop"><a href="#summary">back to summary</a></p>
<h3 id="m38">tests.RegistrationPageTest#verifyRegistration</h3><table class="result"><tr class="param"><th>Parameter #1</th><th>Parameter #2</th><th>Parameter #3</th><th>Parameter #4</th><th>Parameter #5</th><th>Parameter #6</th><th>Parameter #7</th><th>Parameter #8</th></tr><tr class="param stripe"><td>TC010</td><td>John</td><td>Doe</td><td>jon.doe@gmail.com</td><td>P@ssw0rd</td><td></td><td>Mobile number must be at least 10 digits</td><td>yes</td></tr></table><p class="totop"><a href="#summary">back to summary</a></p>
<h3 id="m39">tests.RegistrationPageTest#verifyRegistration</h3><table class="result"><tr class="param"><th>Parameter #1</th><th>Parameter #2</th><th>Parameter #3</th><th>Parameter #4</th><th>Parameter #5</th><th>Parameter #6</th><th>Parameter #7</th><th>Parameter #8</th></tr><tr class="param stripe"><td>TC001</td><td>John</td><td>Doe</td><td>john.doe@gmail.com</td><td>P@ssw0rd</td><td>0612345679</td><td>This email address is already registered on takealot.com</td><td>yes</td></tr></table><p class="totop"><a href="#summary">back to summary</a></p>
<h3 id="m40">tests.RegistrationPageTest#verifyRegistration</h3><table class="result"><tr class="param"><th>Parameter #1</th><th>Parameter #2</th><th>Parameter #3</th><th>Parameter #4</th><th>Parameter #5</th><th>Parameter #6</th><th>Parameter #7</th><th>Parameter #8</th></tr><tr class="param stripe"><td>TC005</td><td>John</td><td>Doe</td><td>invalid-email</td><td>P@ssw0rd</td><td>012345681</td><td>Please enter a valid email address</td><td>yes</td></tr></table><p class="totop"><a href="#summary">back to summary</a></p>
<h3 id="m41">tests.RegistrationPageTest#verifyRegistration</h3><table class="result"><tr class="param"><th>Parameter #1</th><th>Parameter #2</th><th>Parameter #3</th><th>Parameter #4</th><th>Parameter #5</th><th>Parameter #6</th><th>Parameter #7</th><th>Parameter #8</th></tr><tr class="param stripe"><td>TC004</td><td>null</td><td>Doe</td><td>jon.doe@gmail.com</td><td>P@ssw0rd</td><td>012345680</td><td>Please enter your first name</td><td>yes</td></tr></table><p class="totop"><a href="#summary">back to summary</a></p>
<h3 id="m42">tests.RegistrationPageTest#verifyRegistration</h3><table class="result"><tr class="param"><th>Parameter #1</th><th>Parameter #2</th><th>Parameter #3</th><th>Parameter #4</th><th>Parameter #5</th><th>Parameter #6</th><th>Parameter #7</th><th>Parameter #8</th></tr><tr class="param stripe"><td>TC011</td><td>John</td><td>Doe</td><td>jon.doe@gmail.com</td><td>P@ssw0rd</td><td>123456789</td><td>Please enter a 9 or 10-digit SA mobile number</td><td>yes</td></tr></table><p class="totop"><a href="#summary">back to summary</a></p>
<h3 id="m43">tests.RegistrationPageTest#verifyRegistration</h3><table class="result"><tr class="param"><th>Parameter #1</th><th>Parameter #2</th><th>Parameter #3</th><th>Parameter #4</th><th>Parameter #5</th><th>Parameter #6</th><th>Parameter #7</th><th>Parameter #8</th></tr><tr class="param stripe"><td>TC008</td><td>John</td><td>Doe</td><td></td><td>P@ssw0rd</td><td>012345684</td><td>Please enter your email address</td><td>yes</td></tr></table><p class="totop"><a href="#summary">back to summary</a></p>
<h3 id="m44">tests.RegistrationPageTest#verifyRegistration</h3><table class="result"><tr class="param"><th>Parameter #1</th><th>Parameter #2</th><th>Parameter #3</th><th>Parameter #4</th><th>Parameter #5</th><th>Parameter #6</th><th>Parameter #7</th><th>Parameter #8</th></tr><tr class="param stripe"><td>TC009</td><td>John</td><td>Doe</td><td>jon.doe@gmail.com</td><td>P@ssw0rd</td><td>012345</td><td>Please enter a 9 or 10-digit SA mobile number</td><td>yes</td></tr></table><p class="totop"><a href="#summary">back to summary</a></p>
<h3 id="m45">tests.RegistrationPageTest#verifyRegistration</h3><table class="result"><tr class="param"><th>Parameter #1</th><th>Parameter #2</th><th>Parameter #3</th><th>Parameter #4</th><th>Parameter #5</th><th>Parameter #6</th><th>Parameter #7</th><th>Parameter #8</th></tr><tr class="param stripe"><td>TC003</td><td>John</td><td>null</td><td>jon.doe@gmail.com</td><td>P@ssw0rd</td><td>012345679</td><td>Please enter your last name</td><td>yes</td></tr></table><p class="totop"><a href="#summary">back to summary</a></p>
</body>
</html>
