<!DOCTYPE html>

<html>
  <head>
  <meta charset='utf-8'>
  <title>TestNG reports</title>

    <link type="text/css" href="testng-reports1.css" rel="stylesheet" id="ultra" />
    <link type="text/css" href="testng-reports.css" rel="stylesheet" id="retro" disabled="false"/>
    <script type="text/javascript" src="jquery-3.6.0.min.js"></script>
    <script type="text/javascript" src="testng-reports.js"></script>
    <script type="text/javascript" src="https://www.google.com/jsapi"></script>
    <script type='text/javascript'>
      google.load('visualization', '1', {packages:['table']});
      google.setOnLoadCallback(drawTable);
      var suiteTableInitFunctions = new Array();
      var suiteTableData = new Array();
    </script>
    <!--
      <script type="text/javascript" src="jquery-ui/js/jquery-ui-1.8.16.custom.min.js"></script>
     -->
  </head>

  <body>    <div class="top-banner-root">
      <span class="top-banner-title-font">Test results</span>
      <button id="button" class="button">Switch Retro Theme</button> <!-- button -->
      <br/>
      <span class="top-banner-font-1">1 suite, 12 failed tests</span>
    </div> <!-- top-banner-root -->
    <div class="navigator-root">
      <div class="navigator-suite-header">
        <span>All suites</span>
        <a href="#" title="Collapse/expand all the suites" class="collapse-all-link">
          <img src="collapseall.gif" class="collapse-all-icon">
          </img> <!-- collapse-all-icon -->
        </a> <!-- collapse-all-link -->
      </div> <!-- navigator-suite-header -->
      <div class="suite">
        <div class="rounded-window">
          <div class="suite-header light-rounded-window-top">
            <a href="#" panel-name="suite-Takealot_Suite" class="navigator-link">
              <span class="suite-name border-failed">Takealot Suite</span>
            </a> <!-- navigator-link -->
          </div> <!-- suite-header light-rounded-window-top -->
          <div class="navigator-suite-content">
            <div class="suite-section-title">
              <span>Info</span>
            </div> <!-- suite-section-title -->
            <div class="suite-section-content">
              <ul>
                <li>
                  <a href="#" panel-name="test-xml-Takealot_Suite" class="navigator-link ">
                    <span>C:\Users\kwazinkosizwane\eclipse-workspace\takealot-automation\test.xml</span>
                  </a> <!-- navigator-link  -->
                </li>
                <li>
                  <a href="#" panel-name="testlist-Takealot_Suite" class="navigator-link ">
                    <span class="test-stats">1 test</span>
                  </a> <!-- navigator-link  -->
                </li>
                <li>
                  <a href="#" panel-name="group-Takealot_Suite" class="navigator-link ">
                    <span>13 groups</span>
                  </a> <!-- navigator-link  -->
                </li>
                <li>
                  <a href="#" panel-name="times-Takealot_Suite" class="navigator-link ">
                    <span>Times</span>
                  </a> <!-- navigator-link  -->
                </li>
                <li>
                  <a href="#" panel-name="reporter-Takealot_Suite" class="navigator-link ">
                    <span>Reporter output</span>
                  </a> <!-- navigator-link  -->
                </li>
                <li>
                  <a href="#" panel-name="ignored-methods-Takealot_Suite" class="navigator-link ">
                    <span>Ignored methods</span>
                  </a> <!-- navigator-link  -->
                </li>
                <li>
                  <a href="#" panel-name="chronological-Takealot_Suite" class="navigator-link ">
                    <span>Chronological view</span>
                  </a> <!-- navigator-link  -->
                </li>
              </ul>
            </div> <!-- suite-section-content -->
            <div class="result-section">
              <div class="suite-section-title">
                <span>Results</span>
              </div> <!-- suite-section-title -->
              <div class="suite-section-content">
                <ul>
                  <li>
                    <span class="method-stats">44 methods, 12 failed,   32 passed</span>
                  </li>
                  <li>
                    <span class="method-list-title failed">Failed methods</span>
                    <span class="show-or-hide-methods failed">
                      <a href="#" panel-name="suite-Takealot_Suite" class="hide-methods failed suite-Takealot_Suite"> (hide)</a> <!-- hide-methods failed suite-Takealot_Suite -->
                      <a href="#" panel-name="suite-Takealot_Suite" class="show-methods failed suite-Takealot_Suite"> (show)</a> <!-- show-methods failed suite-Takealot_Suite -->
                    </span>
                    <div class="method-list-content failed suite-Takealot_Suite">
                      <span>
                        <img src="failed.png" width="3%"/>
                        <a href="#" panel-name="suite-Takealot_Suite" title="tests.HomePageTest" class="method navigator-link" hash-for-method="testNavigateToCart">testNavigateToCart</a> <!-- method navigator-link -->
                      </span>
                      <br/>
                      <span>
                        <img src="failed.png" width="3%"/>
                        <a href="#" panel-name="suite-Takealot_Suite" title="tests.CartPageTest" class="method navigator-link" hash-for-method="verifyCartIsEmpty">verifyCartIsEmpty</a> <!-- method navigator-link -->
                      </span>
                      <br/>
                      <span>
                        <img src="failed.png" width="3%"/>
                        <a href="#" panel-name="suite-Takealot_Suite" title="tests.ProductsPageTest" class="method navigator-link" hash-for-method="verifyFilteredProducts">verifyFilteredProducts</a> <!-- method navigator-link -->
                      </span>
                      <br/>
                      <span>
                        <img src="failed.png" width="3%"/>
                        <a href="#" panel-name="suite-Takealot_Suite" title="tests.ProductsPageTest" class="method navigator-link" hash-for-method="verifyGetProductByPrice">verifyGetProductByPrice</a> <!-- method navigator-link -->
                      </span>
                      <br/>
                      <span>
                        <img src="failed.png" width="3%"/>
                        <a href="#" panel-name="suite-Takealot_Suite" title="tests.CartPageTest" class="method navigator-link" hash-for-method="verifyItemDetailsInCart">verifyItemDetailsInCart</a> <!-- method navigator-link -->
                      </span>
                      <br/>
                      <span>
                        <img src="failed.png" width="3%"/>
                        <a href="#" panel-name="suite-Takealot_Suite" title="tests.CartPageTest" class="method navigator-link" hash-for-method="verifyMoveItemToWishlist">verifyMoveItemToWishlist</a> <!-- method navigator-link -->
                      </span>
                      <br/>
                      <span>
                        <img src="failed.png" width="3%"/>
                        <a href="#" panel-name="suite-Takealot_Suite" title="tests.ProductsPageTest" class="method navigator-link" hash-for-method="verifyProductDetails(Apple iPhone 15 Pro Max 256GB, Apple, 27595.0, 4.8, 40.0, smartphones, yes)">verifyProductDetails(Apple iPhone 15 Pro Max 256GB, Apple, 27595.0, 4.8, 40.0, smartphones, yes)</a> <!-- method navigator-link -->
                      </span>
                      <br/>
                      <span>
                        <img src="failed.png" width="3%"/>
                        <a href="#" panel-name="suite-Takealot_Suite" title="tests.ProductsPageTest" class="method navigator-link" hash-for-method="verifyProductsRetrieval">verifyProductsRetrieval</a> <!-- method navigator-link -->
                      </span>
                      <br/>
                      <span>
                        <img src="failed.png" width="3%"/>
                        <a href="#" panel-name="suite-Takealot_Suite" title="tests.RegistrationPageTest" class="method navigator-link" hash-for-method="verifyRegistration(TC009, John, Doe, jon.doe@gmail.com, P@ssw0rd, 012345, Please enter a 9 or 10-digit SA mobile number...)">verifyRegistration(TC009, John, Doe, jon.doe@gmail.com, P@ssw0rd, 012345, Please enter a 9 or 10-digit SA mobile number...)</a> <!-- method navigator-link -->
                      </span>
                      <br/>
                      <span>
                        <img src="failed.png" width="3%"/>
                        <a href="#" panel-name="suite-Takealot_Suite" title="tests.RegistrationPageTest" class="method navigator-link" hash-for-method="verifyRegistration(TC010, John, Doe, jon.doe@gmail.com, P@ssw0rd, , Mobile number must be at least 10 digits, yes)">verifyRegistration(TC010, John, Doe, jon.doe@gmail.com, P@ssw0rd, , Mobile number must be at least 10 digits, yes)</a> <!-- method navigator-link -->
                      </span>
                      <br/>
                      <span>
                        <img src="failed.png" width="3%"/>
                        <a href="#" panel-name="suite-Takealot_Suite" title="tests.RegistrationPageTest" class="method navigator-link" hash-for-method="verifyRegistration(TC011, John, Doe, jon.doe@gmail.com, P@ssw0rd, 123456789, Please enter a 9 or 10-digit SA mobile num...)">verifyRegistration(TC011, John, Doe, jon.doe@gmail.com, P@ssw0rd, 123456789, Please enter a 9 or 10-digit SA mobile num...)</a> <!-- method navigator-link -->
                      </span>
                      <br/>
                      <span>
                        <img src="failed.png" width="3%"/>
                        <a href="#" panel-name="suite-Takealot_Suite" title="tests.CartPageTest" class="method navigator-link" hash-for-method="verifyRemovalOfItemFromCart">verifyRemovalOfItemFromCart</a> <!-- method navigator-link -->
                      </span>
                      <br/>
                    </div> <!-- method-list-content failed suite-Takealot_Suite -->
                  </li>
                  <li>
                    <span class="method-list-title passed">Passed methods</span>
                    <span class="show-or-hide-methods passed">
                      <a href="#" panel-name="suite-Takealot_Suite" class="hide-methods passed suite-Takealot_Suite"> (hide)</a> <!-- hide-methods passed suite-Takealot_Suite -->
                      <a href="#" panel-name="suite-Takealot_Suite" class="show-methods passed suite-Takealot_Suite"> (show)</a> <!-- show-methods passed suite-Takealot_Suite -->
                    </span>
                    <div class="method-list-content passed suite-Takealot_Suite">
                      <span>
                        <img src="passed.png" width="3%"/>
                        <a href="#" panel-name="suite-Takealot_Suite" title="tests.HomePageTest" class="method navigator-link" hash-for-method="testNavigateToLogin">testNavigateToLogin</a> <!-- method navigator-link -->
                      </span>
                      <br/>
                      <span>
                        <img src="passed.png" width="3%"/>
                        <a href="#" panel-name="suite-Takealot_Suite" title="tests.HomePageTest" class="method navigator-link" hash-for-method="testNavigateToRegister">testNavigateToRegister</a> <!-- method navigator-link -->
                      </span>
                      <br/>
                      <span>
                        <img src="passed.png" width="3%"/>
                        <a href="#" panel-name="suite-Takealot_Suite" title="tests.CartPageTest" class="method navigator-link" hash-for-method="verifyCartNotEmpty">verifyCartNotEmpty</a> <!-- method navigator-link -->
                      </span>
                      <br/>
                      <span>
                        <img src="passed.png" width="3%"/>
                        <a href="#" panel-name="suite-Takealot_Suite" title="tests.ProductsPageTest" class="method navigator-link" hash-for-method="verifyIsResultsVisible">verifyIsResultsVisible</a> <!-- method navigator-link -->
                      </span>
                      <br/>
                      <span>
                        <img src="passed.png" width="3%"/>
                        <a href="#" panel-name="suite-Takealot_Suite" title="tests.LoginPageTest" class="method navigator-link" hash-for-method="verifyLogin(TC002, john.doe@gmail.com, null, Please enter a password, yes)">verifyLogin(TC002, john.doe@gmail.com, null, Please enter a password, yes)</a> <!-- method navigator-link -->
                      </span>
                      <br/>
                      <span>
                        <img src="passed.png" width="3%"/>
                        <a href="#" panel-name="suite-Takealot_Suite" title="tests.LoginPageTest" class="method navigator-link" hash-for-method="verifyLogin(TC003, jon.doe@gmail.com, P@ssw0rd, Incorrect Email or Password. Please try again and ensure Caps Lo...)">verifyLogin(TC003, jon.doe@gmail.com, P@ssw0rd, Incorrect Email or Password. Please try again and ensure Caps Lo...)</a> <!-- method navigator-link -->
                      </span>
                      <br/>
                      <span>
                        <img src="passed.png" width="3%"/>
                        <a href="#" panel-name="suite-Takealot_Suite" title="tests.LoginPageTest" class="method navigator-link" hash-for-method="verifyLogin(TC001, , P@ssw0rd, Please fill in your email address, yes)">verifyLogin(TC001, , P@ssw0rd, Please fill in your email address, yes)</a> <!-- method navigator-link -->
                      </span>
                      <br/>
                      <span>
                        <img src="passed.png" width="3%"/>
                        <a href="#" panel-name="suite-Takealot_Suite" title="tests.LoginPageTest" class="method navigator-link" hash-for-method="verifyLogin(TC004, john.doe@gmail.com, P@ssw0rd, Incorrect Email or Password. Please try again and ensure Caps L...)">verifyLogin(TC004, john.doe@gmail.com, P@ssw0rd, Incorrect Email or Password. Please try again and ensure Caps L...)</a> <!-- method navigator-link -->
                      </span>
                      <br/>
                      <span>
                        <img src="passed.png" width="3%"/>
                        <a href="#" panel-name="suite-Takealot_Suite" title="tests.ProductsPageTest" class="method navigator-link" hash-for-method="verifyProductAddToCart">verifyProductAddToCart</a> <!-- method navigator-link -->
                      </span>
                      <br/>
                      <span>
                        <img src="passed.png" width="3%"/>
                        <a href="#" panel-name="suite-Takealot_Suite" title="tests.ProductsPageTest" class="method navigator-link" hash-for-method="verifyProductDetails(Fujifilm Instax Mini 12 Camera + Case and Film, Fujifilm Instax, 1999.0, 4.8, 120.0, Cameras, yes)">verifyProductDetails(Fujifilm Instax Mini 12 Camera + Case and Film, Fujifilm Instax, 1999.0, 4.8, 120.0, Cameras, yes)</a> <!-- method navigator-link -->
                      </span>
                      <br/>
                      <span>
                        <img src="passed.png" width="3%"/>
                        <a href="#" panel-name="suite-Takealot_Suite" title="tests.ProductsPageTest" class="method navigator-link" hash-for-method="verifyProductDetails(Fender Squier SA-105CE Acoustic Electric Guitar, Squier, 3495.0, 4.2, 4.0, Music, yes)">verifyProductDetails(Fender Squier SA-105CE Acoustic Electric Guitar, Squier, 3495.0, 4.2, 4.0, Music, yes)</a> <!-- method navigator-link -->
                      </span>
                      <br/>
                      <span>
                        <img src="passed.png" width="3%"/>
                        <a href="#" panel-name="suite-Takealot_Suite" title="tests.ProductsPageTest" class="method navigator-link" hash-for-method="verifyProductDetails(Apex - Marine Luxury Men&#039;s Leather Watch, Apex, 690.0, 5.0, 4.0, Watches and accessories, yes)">verifyProductDetails(Apex - Marine Luxury Men's Leather Watch, Apex, 690.0, 5.0, 4.0, Watches and accessories, yes)</a> <!-- method navigator-link -->
                      </span>
                      <br/>
                      <span>
                        <img src="passed.png" width="3%"/>
                        <a href="#" panel-name="suite-Takealot_Suite" title="tests.RegistrationPageTest" class="method navigator-link" hash-for-method="verifyRegistration(TC004, null, Doe, jon.doe@gmail.com, P@ssw0rd, 012345680, Please enter your first name, yes)">verifyRegistration(TC004, null, Doe, jon.doe@gmail.com, P@ssw0rd, 012345680, Please enter your first name, yes)</a> <!-- method navigator-link -->
                      </span>
                      <br/>
                      <span>
                        <img src="passed.png" width="3%"/>
                        <a href="#" panel-name="suite-Takealot_Suite" title="tests.RegistrationPageTest" class="method navigator-link" hash-for-method="verifyRegistration(TC003, John, null, jon.doe@gmail.com, P@ssw0rd, 012345679, Please enter your last name, yes)">verifyRegistration(TC003, John, null, jon.doe@gmail.com, P@ssw0rd, 012345679, Please enter your last name, yes)</a> <!-- method navigator-link -->
                      </span>
                      <br/>
                      <span>
                        <img src="passed.png" width="3%"/>
                        <a href="#" panel-name="suite-Takealot_Suite" title="tests.RegistrationPageTest" class="method navigator-link" hash-for-method="verifyRegistration(TC008, John, Doe, , P@ssw0rd, 012345684, Please enter your email address, yes)">verifyRegistration(TC008, John, Doe, , P@ssw0rd, 012345684, Please enter your email address, yes)</a> <!-- method navigator-link -->
                      </span>
                      <br/>
                      <span>
                        <img src="passed.png" width="3%"/>
                        <a href="#" panel-name="suite-Takealot_Suite" title="tests.RegistrationPageTest" class="method navigator-link" hash-for-method="verifyRegistration(TC001, John, Doe, john.doe@gmail.com, P@ssw0rd, 0612345679, This email address is already registered...)">verifyRegistration(TC001, John, Doe, john.doe@gmail.com, P@ssw0rd, 0612345679, This email address is already registered...)</a> <!-- method navigator-link -->
                      </span>
                      <br/>
                      <span>
                        <img src="passed.png" width="3%"/>
                        <a href="#" panel-name="suite-Takealot_Suite" title="tests.RegistrationPageTest" class="method navigator-link" hash-for-method="verifyRegistration(TC002, John, Doe, jon.doe@gmail.com, P@ssw0rd, 0612345679, Success, yes)">verifyRegistration(TC002, John, Doe, jon.doe@gmail.com, P@ssw0rd, 0612345679, Success, yes)</a> <!-- method navigator-link -->
                      </span>
                      <br/>
                      <span>
                        <img src="passed.png" width="3%"/>
                        <a href="#" panel-name="suite-Takealot_Suite" title="tests.RegistrationPageTest" class="method navigator-link" hash-for-method="verifyRegistration(TC005, John, Doe, invalid-email, P@ssw0rd, 012345681, Please enter a valid email address, yes)">verifyRegistration(TC005, John, Doe, invalid-email, P@ssw0rd, 012345681, Please enter a valid email address, yes)</a> <!-- method navigator-link -->
                      </span>
                      <br/>
                      <span>
                        <img src="passed.png" width="3%"/>
                        <a href="#" panel-name="suite-Takealot_Suite" title="tests.RegistrationPageTest" class="method navigator-link" hash-for-method="verifyRegistration(TC006, John, Doe, jon.doe@gmail.com, short, 012345682, Password must be at least 8 characters and 1 ...)">verifyRegistration(TC006, John, Doe, jon.doe@gmail.com, short, 012345682, Password must be at least 8 characters and 1 ...)</a> <!-- method navigator-link -->
                      </span>
                      <br/>
                      <span>
                        <img src="passed.png" width="3%"/>
                        <a href="#" panel-name="suite-Takealot_Suite" title="tests.RegistrationPageTest" class="method navigator-link" hash-for-method="verifyRegistration(TC007, John, Doe, jon.doe@gmail.com, , 012345683, Please enter a password, yes)">verifyRegistration(TC007, John, Doe, jon.doe@gmail.com, , 012345683, Please enter a password, yes)</a> <!-- method navigator-link -->
                      </span>
                      <br/>
                      <span>
                        <img src="passed.png" width="3%"/>
                        <a href="#" panel-name="suite-Takealot_Suite" title="tests.HomePageTest" class="method navigator-link" hash-for-method="verifySearchFunctionality(TC007, !/*][#$&amp;, default-page)">verifySearchFunctionality(TC007, !/*][#$&, default-page)</a> <!-- method navigator-link -->
                      </span>
                      <br/>
                      <span>
                        <img src="passed.png" width="3%"/>
                        <a href="#" panel-name="suite-Takealot_Suite" title="tests.HomePageTest" class="method navigator-link" hash-for-method="verifySearchFunctionality(TC004, IPHONE 15, results-page)">verifySearchFunctionality(TC004, IPHONE 15, results-page)</a> <!-- method navigator-link -->
                      </span>
                      <br/>
                      <span>
                        <img src="passed.png" width="3%"/>
                        <a href="#" panel-name="suite-Takealot_Suite" title="tests.HomePageTest" class="method navigator-link" hash-for-method="verifySearchFunctionality(TC010, gibharish-uhjbjk, empty-results-page)">verifySearchFunctionality(TC010, gibharish-uhjbjk, empty-results-page)</a> <!-- method navigator-link -->
                      </span>
                      <br/>
                      <span>
                        <img src="passed.png" width="3%"/>
                        <a href="#" panel-name="suite-Takealot_Suite" title="tests.HomePageTest" class="method navigator-link" hash-for-method="verifySearchFunctionality(TC008, aaaaaaaaaaaaaaaaaaaaaaaaaaaaaaaaaaaaaaaaaaaaaaaaaaaaaaaaaaaaaaaaaaaaaaaaaaaaaaaaaaaaaaaaaaaaa...)">verifySearchFunctionality(TC008, aaaaaaaaaaaaaaaaaaaaaaaaaaaaaaaaaaaaaaaaaaaaaaaaaaaaaaaaaaaaaaaaaaaaaaaaaaaaaaaaaaaaaaaaaaaaa...)</a> <!-- method navigator-link -->
                      </span>
                      <br/>
                      <span>
                        <img src="passed.png" width="3%"/>
                        <a href="#" panel-name="suite-Takealot_Suite" title="tests.HomePageTest" class="method navigator-link" hash-for-method="verifySearchFunctionality(TC001, iphone, results-page)">verifySearchFunctionality(TC001, iphone, results-page)</a> <!-- method navigator-link -->
                      </span>
                      <br/>
                      <span>
                        <img src="passed.png" width="3%"/>
                        <a href="#" panel-name="suite-Takealot_Suite" title="tests.HomePageTest" class="method navigator-link" hash-for-method="verifySearchFunctionality(TC006, , default-page)">verifySearchFunctionality(TC006, , default-page)</a> <!-- method navigator-link -->
                      </span>
                      <br/>
                      <span>
                        <img src="passed.png" width="3%"/>
                        <a href="#" panel-name="suite-Takealot_Suite" title="tests.HomePageTest" class="method navigator-link" hash-for-method="verifySearchFunctionality(TC003, monitor, results-page)">verifySearchFunctionality(TC003, monitor, results-page)</a> <!-- method navigator-link -->
                      </span>
                      <br/>
                      <span>
                        <img src="passed.png" width="3%"/>
                        <a href="#" panel-name="suite-Takealot_Suite" title="tests.HomePageTest" class="method navigator-link" hash-for-method="verifySearchFunctionality(TC009, XYZ123NonExistent, empty-results-page)">verifySearchFunctionality(TC009, XYZ123NonExistent, empty-results-page)</a> <!-- method navigator-link -->
                      </span>
                      <br/>
                      <span>
                        <img src="passed.png" width="3%"/>
                        <a href="#" panel-name="suite-Takealot_Suite" title="tests.HomePageTest" class="method navigator-link" hash-for-method="verifySearchFunctionality(TC005, iphone 15, results-page)">verifySearchFunctionality(TC005, iphone 15, results-page)</a> <!-- method navigator-link -->
                      </span>
                      <br/>
                      <span>
                        <img src="passed.png" width="3%"/>
                        <a href="#" panel-name="suite-Takealot_Suite" title="tests.HomePageTest" class="method navigator-link" hash-for-method="verifySearchFunctionality(TC002, Wireless Earbuds, results-page)">verifySearchFunctionality(TC002, Wireless Earbuds, results-page)</a> <!-- method navigator-link -->
                      </span>
                      <br/>
                      <span>
                        <img src="passed.png" width="3%"/>
                        <a href="#" panel-name="suite-Takealot_Suite" title="tests.HomePageTest" class="method navigator-link" hash-for-method="verifyTitle">verifyTitle</a> <!-- method navigator-link -->
                      </span>
                      <br/>
                      <span>
                        <img src="passed.png" width="3%"/>
                        <a href="#" panel-name="suite-Takealot_Suite" title="tests.CartPageTest" class="method navigator-link" hash-for-method="verifyTotalCartPrice">verifyTotalCartPrice</a> <!-- method navigator-link -->
                      </span>
                      <br/>
                    </div> <!-- method-list-content passed suite-Takealot_Suite -->
                  </li>
                </ul>
              </div> <!-- suite-section-content -->
            </div> <!-- result-section -->
          </div> <!-- navigator-suite-content -->
        </div> <!-- rounded-window -->
      </div> <!-- suite -->
    </div> <!-- navigator-root -->
    <div class="wrapper">
      <div class="main-panel-root">
        <div panel-name="suite-Takealot_Suite" class="panel Takealot_Suite">
          <div class="suite-Takealot_Suite-class-failed">
            <div class="main-panel-header rounded-window-top">
              <img src="failed.png"/>
              <span class="class-name">tests.HomePageTest</span>
            </div> <!-- main-panel-header rounded-window-top -->
            <div class="main-panel-content rounded-window-bottom">
              <div class="method">
                <div class="method-content">
                  <a name="testNavigateToCart">
                  </a> <!-- testNavigateToCart -->
                  <span class="method-name">testNavigateToCart</span>
                  <div class="stack-trace">org.openqa.selenium.ElementNotInteractableException: element not interactable
  (Session info: chrome=127.0.6533.100)
Build info: version: &apos;4.23.0&apos;, revision: &apos;4df0a231af&apos;
System info: os.name: &apos;Windows 11&apos;, os.arch: &apos;amd64&apos;, os.version: &apos;10.0&apos;, java.version: &apos;17.0.10&apos;
Driver info: org.openqa.selenium.chrome.ChromeDriver
Command: [b11684358e973a2b8bcf631e6fc9ec12, clickElement {id=f.5890025590AF9804FA08F62BEB38FCC2.d.A22AF482336BE7F261024EA172CB8790.e.183}]
Capabilities {acceptInsecureCerts: false, browserName: chrome, browserVersion: 127.0.6533.100, chrome: {chromedriverVersion: 127.0.6533.119 (bdef6783a05..., userDataDir: C:\Users\KWAZIN~1\AppData\L...}, fedcm:accounts: true, goog:chromeOptions: {debuggerAddress: localhost:55673}, networkConnectionEnabled: false, pageLoadStrategy: normal, platformName: windows, proxy: Proxy(), se:cdp: ws://localhost:55673/devtoo..., se:cdpVersion: 127.0.6533.100, setWindowRect: true, strictFileInteractability: false, timeouts: {implicit: 0, pageLoad: 300000, script: 30000}, unhandledPromptBehavior: dismiss and notify, webauthn:extension:credBlob: true, webauthn:extension:largeBlob: true, webauthn:extension:minPinLength: true, webauthn:extension:prf: true, webauthn:virtualAuthenticators: true}
Element: [[[[ChromeDriver: chrome on windows (b11684358e973a2b8bcf631e6fc9ec12)] -&gt; css selector: .top-nav.top-nav-module_top-nav_2cmJW]] -&gt; xpath: //button[@data-ref=&apos;badge-button&apos;]]
Session ID: b11684358e973a2b8bcf631e6fc9ec12
	at org.openqa.selenium.remote.ErrorCodec.decode(ErrorCodec.java:167)
	at org.openqa.selenium.remote.codec.w3c.W3CHttpResponseCodec.decode(W3CHttpResponseCodec.java:138)
	at org.openqa.selenium.remote.codec.w3c.W3CHttpResponseCodec.decode(W3CHttpResponseCodec.java:50)
	at org.openqa.selenium.remote.HttpCommandExecutor.execute(HttpCommandExecutor.java:190)
	at org.openqa.selenium.remote.service.DriverCommandExecutor.invokeExecute(DriverCommandExecutor.java:216)
	at org.openqa.selenium.remote.service.DriverCommandExecutor.execute(DriverCommandExecutor.java:174)
	at org.openqa.selenium.remote.RemoteWebDriver.execute(RemoteWebDriver.java:527)
	at org.openqa.selenium.remote.RemoteWebElement.execute(RemoteWebElement.java:223)
	at org.openqa.selenium.remote.RemoteWebElement.click(RemoteWebElement.java:76)
	at org.openqa.selenium.support.decorators.WebDriverDecorator.call(WebDriverDecorator.java:249)
	at org.openqa.selenium.support.decorators.DefaultDecorated.call(DefaultDecorated.java:48)
	at org.openqa.selenium.support.decorators.WebDriverDecorator.lambda$createProxy$2(WebDriverDecorator.java:321)
	at net.bytebuddy.renamed.java.lang.Object$ByteBuddy$dv7CF8Rg.click(Unknown Source)
	at org.openqa.selenium.support.pagefactory.internal.LocatingElementHandler.invoke(LocatingElementHandler.java:51)
	at jdk.proxy2/jdk.proxy2.$Proxy52.click(Unknown Source)
	at components.NavBar.clickNavLink(NavBar.java:92)
	at pages.HomePage.navigateToCart(HomePage.java:183)
	at tests.HomePageTest.testNavigateToCart(HomePageTest.java:106)
	at java.base/java.util.concurrent.Executors$RunnableAdapter.call(Executors.java:539)
	at java.base/java.util.concurrent.FutureTask.run(FutureTask.java:264)
	at java.base/java.util.concurrent.ThreadPoolExecutor.runWorker(ThreadPoolExecutor.java:1136)
	at java.base/java.util.concurrent.ThreadPoolExecutor$Worker.run(ThreadPoolExecutor.java:635)
	at java.base/java.lang.Thread.run(Thread.java:840)
... Removed 24 stack frames
</div> <!-- stack-trace -->
                </div> <!-- method-content -->
              </div> <!-- method -->
            </div> <!-- main-panel-content rounded-window-bottom -->
          </div> <!-- suite-Takealot_Suite-class-failed -->
          <div class="suite-Takealot_Suite-class-failed">
            <div class="main-panel-header rounded-window-top">
              <img src="failed.png"/>
              <span class="class-name">tests.ProductsPageTest</span>
            </div> <!-- main-panel-header rounded-window-top -->
            <div class="main-panel-content rounded-window-bottom">
              <div class="method">
                <div class="method-content">
                  <a name="verifyFilteredProducts">
                  </a> <!-- verifyFilteredProducts -->
                  <span class="method-name">verifyFilteredProducts</span>
                  <div class="stack-trace">java.lang.AssertionError: No products found with a high rating. expected [false] but found [true]
	at tests.ProductsPageTest.verifyFilteredProducts(ProductsPageTest.java:120)
	at java.base/java.util.concurrent.Executors$RunnableAdapter.call(Executors.java:539)
	at java.base/java.util.concurrent.FutureTask.run(FutureTask.java:264)
	at java.base/java.util.concurrent.ThreadPoolExecutor.runWorker(ThreadPoolExecutor.java:1136)
	at java.base/java.util.concurrent.ThreadPoolExecutor$Worker.run(ThreadPoolExecutor.java:635)
	at java.base/java.lang.Thread.run(Thread.java:840)
... Removed 16 stack frames
</div> <!-- stack-trace -->
                </div> <!-- method-content -->
              </div> <!-- method -->
              <div class="method">
                <div class="method-content">
                  <a name="verifyGetProductByPrice">
                  </a> <!-- verifyGetProductByPrice -->
                  <span class="method-name">verifyGetProductByPrice</span>
                  <div class="stack-trace">java.util.NoSuchElementException: No value present
	at java.base/java.util.Optional.orElseThrow(Optional.java:377)
	at pages.ProductsPage.getProduct(ProductsPage.java:188)
	at tests.ProductsPageTest.verifyGetProductByPrice(ProductsPageTest.java:137)
	at java.base/java.util.concurrent.Executors$RunnableAdapter.call(Executors.java:539)
	at java.base/java.util.concurrent.FutureTask.run(FutureTask.java:264)
	at java.base/java.util.concurrent.ThreadPoolExecutor.runWorker(ThreadPoolExecutor.java:1136)
	at java.base/java.util.concurrent.ThreadPoolExecutor$Worker.run(ThreadPoolExecutor.java:635)
	at java.base/java.lang.Thread.run(Thread.java:840)
... Removed 13 stack frames
</div> <!-- stack-trace -->
                </div> <!-- method-content -->
              </div> <!-- method -->
              <div class="method">
                <div class="method-content">
                  <a name="verifyProductDetails(Apple iPhone 15 Pro Max 256GB, Apple, 27595.0, 4.8, 40.0, smartphones, yes)">
                  </a> <!-- verifyProductDetails(Apple iPhone 15 Pro Max 256GB, Apple, 27595.0, 4.8, 40.0, smartphones, yes) -->
                  <span class="method-name">verifyProductDetails</span>
                  <span class="parameters">(Apple iPhone 15 Pro Max 256GB,Apple,27595.0,4.8,40.0,smartphones,yes)</span>
                  <div class="stack-trace">java.lang.AssertionError: Product price does not match expected [27595.00] but found [27084.00]
	at tests.ProductsPageTest.verifyProductDetails(ProductsPageTest.java:179)
	at java.base/java.util.concurrent.Executors$RunnableAdapter.call(Executors.java:539)
	at java.base/java.util.concurrent.FutureTask.run(FutureTask.java:264)
	at java.base/java.util.concurrent.ThreadPoolExecutor.runWorker(ThreadPoolExecutor.java:1136)
	at java.base/java.util.concurrent.ThreadPoolExecutor$Worker.run(ThreadPoolExecutor.java:635)
	at java.base/java.lang.Thread.run(Thread.java:840)
... Removed 17 stack frames
</div> <!-- stack-trace -->
                </div> <!-- method-content -->
              </div> <!-- method -->
              <div class="method">
                <div class="method-content">
                  <a name="verifyProductsRetrieval">
                  </a> <!-- verifyProductsRetrieval -->
                  <span class="method-name">verifyProductsRetrieval</span>
                  <div class="stack-trace">org.openqa.selenium.StaleElementReferenceException: stale element reference: stale element not found in the current frame
  (Session info: chrome=127.0.6533.100)
For documentation on this error, please visit: https://www.selenium.dev/documentation/webdriver/troubleshooting/errors#stale-element-reference-exception
Build info: version: &apos;4.23.0&apos;, revision: &apos;4df0a231af&apos;
System info: os.name: &apos;Windows 11&apos;, os.arch: &apos;amd64&apos;, os.version: &apos;10.0&apos;, java.version: &apos;17.0.10&apos;
Driver info: org.openqa.selenium.chrome.ChromeDriver
Command: [1fbb5da47fc581e5c4c1fb251cde7d59, findChildElement {using=css selector, value=[data-ref=&apos;price&apos;] span.currency.currency-module_currency_29IIm, id=f.D4377DD39E692F7E0567CF3B7C725E3C.d.19703ACE16DD52464FF2F7254161C626.e.573}]
Capabilities {acceptInsecureCerts: false, browserName: chrome, browserVersion: 127.0.6533.100, chrome: {chromedriverVersion: 127.0.6533.119 (bdef6783a05..., userDataDir: C:\Users\KWAZIN~1\AppData\L...}, fedcm:accounts: true, goog:chromeOptions: {debuggerAddress: localhost:55701}, networkConnectionEnabled: false, pageLoadStrategy: normal, platformName: windows, proxy: Proxy(), se:cdp: ws://localhost:55701/devtoo..., se:cdpVersion: 127.0.6533.100, setWindowRect: true, strictFileInteractability: false, timeouts: {implicit: 0, pageLoad: 300000, script: 30000}, unhandledPromptBehavior: dismiss and notify, webauthn:extension:credBlob: true, webauthn:extension:largeBlob: true, webauthn:extension:minPinLength: true, webauthn:extension:prf: true, webauthn:virtualAuthenticators: true}
Session ID: 1fbb5da47fc581e5c4c1fb251cde7d59
	at org.openqa.selenium.remote.ErrorCodec.decode(ErrorCodec.java:167)
	at org.openqa.selenium.remote.codec.w3c.W3CHttpResponseCodec.decode(W3CHttpResponseCodec.java:138)
	at org.openqa.selenium.remote.codec.w3c.W3CHttpResponseCodec.decode(W3CHttpResponseCodec.java:50)
	at org.openqa.selenium.remote.HttpCommandExecutor.execute(HttpCommandExecutor.java:190)
	at org.openqa.selenium.remote.service.DriverCommandExecutor.invokeExecute(DriverCommandExecutor.java:216)
	at org.openqa.selenium.remote.service.DriverCommandExecutor.execute(DriverCommandExecutor.java:174)
	at org.openqa.selenium.remote.RemoteWebDriver.execute(RemoteWebDriver.java:527)
	at org.openqa.selenium.remote.ElementLocation$ElementFinder$2.findElement(ElementLocation.java:165)
	at org.openqa.selenium.remote.ElementLocation.findElement(ElementLocation.java:59)
	at org.openqa.selenium.remote.RemoteWebDriver.findElement(RemoteWebDriver.java:357)
	at org.openqa.selenium.remote.RemoteWebElement.findElement(RemoteWebElement.java:211)
	at org.openqa.selenium.support.decorators.WebDriverDecorator.call(WebDriverDecorator.java:249)
	at org.openqa.selenium.support.decorators.DefaultDecorated.call(DefaultDecorated.java:48)
	at org.openqa.selenium.support.decorators.WebDriverDecorator.lambda$createProxy$2(WebDriverDecorator.java:321)
	at net.bytebuddy.renamed.java.lang.Object$ByteBuddy$PRcicNpV.findElement(Unknown Source)
	at org.openqa.selenium.support.pagefactory.DefaultElementLocator.findElement(DefaultElementLocator.java:68)
	at org.openqa.selenium.support.pagefactory.internal.LocatingElementHandler.invoke(LocatingElementHandler.java:38)
	at jdk.proxy2/jdk.proxy2.$Proxy52.isDisplayed(Unknown Source)
	at org.openqa.selenium.support.ui.ExpectedConditions.elementIfVisible(ExpectedConditions.java:304)
	at org.openqa.selenium.support.ui.ExpectedConditions$10.apply(ExpectedConditions.java:290)
	at org.openqa.selenium.support.ui.ExpectedConditions$10.apply(ExpectedConditions.java:287)
	at org.openqa.selenium.support.ui.FluentWait.until(FluentWait.java:203)
	at wait.WaitUtil.waitForElementToBeVisible(WaitUtil.java:50)
	at components.Product.setPrice(Product.java:181)
	at components.Product.initializeProductDetails(Product.java:93)
	at pages.ProductsPage.lambda$0(ProductsPage.java:80)
	at java.base/java.util.stream.ReferencePipeline$3$1.accept(ReferencePipeline.java:197)
	at java.base/java.util.ArrayList$ArrayListSpliterator.forEachRemaining(ArrayList.java:1625)
	at java.base/java.util.stream.AbstractPipeline.copyInto(AbstractPipeline.java:509)
	at java.base/java.util.stream.AbstractPipeline.wrapAndCopyInto(AbstractPipeline.java:499)
	at java.base/java.util.stream.AbstractPipeline.evaluate(AbstractPipeline.java:575)
	at java.base/java.util.stream.AbstractPipeline.evaluateToArrayNode(AbstractPipeline.java:260)
	at java.base/java.util.stream.ReferencePipeline.toArray(ReferencePipeline.java:616)
	at java.base/java.util.stream.ReferencePipeline.toArray(ReferencePipeline.java:622)
	at java.base/java.util.stream.ReferencePipeline.toList(ReferencePipeline.java:627)
	at pages.ProductsPage.getProducts(ProductsPage.java:80)
	at tests.ProductsPageTest.verifyProductsRetrieval(ProductsPageTest.java:97)
	at java.base/java.util.concurrent.Executors$RunnableAdapter.call(Executors.java:539)
	at java.base/java.util.concurrent.FutureTask.run(FutureTask.java:264)
	at java.base/java.util.concurrent.ThreadPoolExecutor.runWorker(ThreadPoolExecutor.java:1136)
	at java.base/java.util.concurrent.ThreadPoolExecutor$Worker.run(ThreadPoolExecutor.java:635)
	at java.base/java.lang.Thread.run(Thread.java:840)
... Removed 21 stack frames
</div> <!-- stack-trace -->
                </div> <!-- method-content -->
              </div> <!-- method -->
            </div> <!-- main-panel-content rounded-window-bottom -->
          </div> <!-- suite-Takealot_Suite-class-failed -->
          <div class="suite-Takealot_Suite-class-failed">
            <div class="main-panel-header rounded-window-top">
              <img src="failed.png"/>
              <span class="class-name">tests.CartPageTest</span>
            </div> <!-- main-panel-header rounded-window-top -->
            <div class="main-panel-content rounded-window-bottom">
              <div class="method">
                <div class="method-content">
                  <a name="verifyCartIsEmpty">
                  </a> <!-- verifyCartIsEmpty -->
                  <span class="method-name">verifyCartIsEmpty</span>
                  <div class="stack-trace">java.lang.AssertionError: The cart is not empty. expected [true] but found [false]
	at tests.CartPageTest.verifyCartIsEmpty(CartPageTest.java:64)
	at java.base/java.util.concurrent.Executors$RunnableAdapter.call(Executors.java:539)
	at java.base/java.util.concurrent.FutureTask.run(FutureTask.java:264)
	at java.base/java.util.concurrent.ThreadPoolExecutor.runWorker(ThreadPoolExecutor.java:1136)
	at java.base/java.util.concurrent.ThreadPoolExecutor$Worker.run(ThreadPoolExecutor.java:635)
	at java.base/java.lang.Thread.run(Thread.java:840)
... Removed 16 stack frames
</div> <!-- stack-trace -->
                </div> <!-- method-content -->
              </div> <!-- method -->
              <div class="method">
                <div class="method-content">
                  <a name="verifyItemDetailsInCart">
                  </a> <!-- verifyItemDetailsInCart -->
                  <span class="method-name">verifyItemDetailsInCart</span>
                  <div class="stack-trace">org.openqa.selenium.NoSuchSessionException: Session ID is null. Using WebDriver after calling quit()?
Build info: version: &apos;4.23.0&apos;, revision: &apos;4df0a231af&apos;
System info: os.name: &apos;Windows 11&apos;, os.arch: &apos;amd64&apos;, os.version: &apos;10.0&apos;, java.version: &apos;17.0.10&apos;
Driver info: org.openqa.selenium.chrome.ChromeDriver
Command: [null, findChildElement {using=xpath, value=//img[@alt=&apos;Takealot&apos;], id=f.5890025590AF9804FA08F62BEB38FCC2.d.0EB6D164E6B8E703019A740976D13661.e.3920}]
Capabilities {acceptInsecureCerts: false, browserName: chrome, browserVersion: 127.0.6533.100, chrome: {chromedriverVersion: 127.0.6533.119 (bdef6783a05..., userDataDir: C:\Users\KWAZIN~1\AppData\L...}, fedcm:accounts: true, goog:chromeOptions: {debuggerAddress: localhost:55673}, networkConnectionEnabled: false, pageLoadStrategy: normal, platformName: windows, proxy: Proxy(), se:cdp: ws://localhost:55673/devtoo..., se:cdpVersion: 127.0.6533.100, setWindowRect: true, strictFileInteractability: false, timeouts: {implicit: 0, pageLoad: 300000, script: 30000}, unhandledPromptBehavior: dismiss and notify, webauthn:extension:credBlob: true, webauthn:extension:largeBlob: true, webauthn:extension:minPinLength: true, webauthn:extension:prf: true, webauthn:virtualAuthenticators: true}
	at org.openqa.selenium.remote.HttpCommandExecutor.execute(HttpCommandExecutor.java:151)
	at org.openqa.selenium.remote.service.DriverCommandExecutor.invokeExecute(DriverCommandExecutor.java:216)
	at org.openqa.selenium.remote.service.DriverCommandExecutor.execute(DriverCommandExecutor.java:174)
	at org.openqa.selenium.remote.RemoteWebDriver.execute(RemoteWebDriver.java:527)
	at org.openqa.selenium.remote.ElementLocation$ElementFinder$2.findElement(ElementLocation.java:165)
	at org.openqa.selenium.remote.ElementLocation.findElement(ElementLocation.java:59)
	at org.openqa.selenium.remote.RemoteWebDriver.findElement(RemoteWebDriver.java:357)
	at org.openqa.selenium.remote.RemoteWebElement.findElement(RemoteWebElement.java:211)
	at org.openqa.selenium.support.decorators.WebDriverDecorator.call(WebDriverDecorator.java:249)
	at org.openqa.selenium.support.decorators.DefaultDecorated.call(DefaultDecorated.java:48)
	at org.openqa.selenium.support.decorators.WebDriverDecorator.lambda$createProxy$2(WebDriverDecorator.java:321)
	at net.bytebuddy.renamed.java.lang.Object$ByteBuddy$h3f2aNcp.findElement(Unknown Source)
	at org.openqa.selenium.support.pagefactory.DefaultElementLocator.findElement(DefaultElementLocator.java:68)
	at org.openqa.selenium.support.pagefactory.internal.LocatingElementHandler.invoke(LocatingElementHandler.java:38)
	at jdk.proxy2/jdk.proxy2.$Proxy52.isDisplayed(Unknown Source)
	at org.openqa.selenium.support.ui.ExpectedConditions.elementIfVisible(ExpectedConditions.java:304)
	at org.openqa.selenium.support.ui.ExpectedConditions$10.apply(ExpectedConditions.java:290)
	at org.openqa.selenium.support.ui.ExpectedConditions$10.apply(ExpectedConditions.java:287)
	at org.openqa.selenium.support.ui.ExpectedConditions$23.apply(ExpectedConditions.java:656)
	at org.openqa.selenium.support.ui.ExpectedConditions$23.apply(ExpectedConditions.java:652)
	at org.openqa.selenium.support.ui.FluentWait.until(FluentWait.java:203)
	at wait.WaitUtil.waitForElementToBeClickable(WaitUtil.java:37)
	at components.NavBar.clickNavLink(NavBar.java:91)
	at tests.CartPageTest.verifyItemDetailsInCart(CartPageTest.java:103)
	at java.base/java.util.concurrent.Executors$RunnableAdapter.call(Executors.java:539)
	at java.base/java.util.concurrent.FutureTask.run(FutureTask.java:264)
	at java.base/java.util.concurrent.ThreadPoolExecutor.runWorker(ThreadPoolExecutor.java:1136)
	at java.base/java.util.concurrent.ThreadPoolExecutor$Worker.run(ThreadPoolExecutor.java:635)
	at java.base/java.lang.Thread.run(Thread.java:840)
... Removed 16 stack frames
</div> <!-- stack-trace -->
                </div> <!-- method-content -->
              </div> <!-- method -->
              <div class="method">
                <div class="method-content">
                  <a name="verifyMoveItemToWishlist">
                  </a> <!-- verifyMoveItemToWishlist -->
                  <span class="method-name">verifyMoveItemToWishlist</span>
                  <div class="stack-trace">org.openqa.selenium.NoSuchSessionException: Session ID is null. Using WebDriver after calling quit()?
Build info: version: &apos;4.23.0&apos;, revision: &apos;4df0a231af&apos;
System info: os.name: &apos;Windows 11&apos;, os.arch: &apos;amd64&apos;, os.version: &apos;10.0&apos;, java.version: &apos;17.0.10&apos;
Driver info: org.openqa.selenium.chrome.ChromeDriver
Command: [null, findChildElement {using=xpath, value=//button[@data-ref=&apos;badge-button&apos;], id=f.5890025590AF9804FA08F62BEB38FCC2.d.0EB6D164E6B8E703019A740976D13661.e.3920}]
Capabilities {acceptInsecureCerts: false, browserName: chrome, browserVersion: 127.0.6533.100, chrome: {chromedriverVersion: 127.0.6533.119 (bdef6783a05..., userDataDir: C:\Users\KWAZIN~1\AppData\L...}, fedcm:accounts: true, goog:chromeOptions: {debuggerAddress: localhost:55673}, networkConnectionEnabled: false, pageLoadStrategy: normal, platformName: windows, proxy: Proxy(), se:cdp: ws://localhost:55673/devtoo..., se:cdpVersion: 127.0.6533.100, setWindowRect: true, strictFileInteractability: false, timeouts: {implicit: 0, pageLoad: 300000, script: 30000}, unhandledPromptBehavior: dismiss and notify, webauthn:extension:credBlob: true, webauthn:extension:largeBlob: true, webauthn:extension:minPinLength: true, webauthn:extension:prf: true, webauthn:virtualAuthenticators: true}
	at org.openqa.selenium.remote.HttpCommandExecutor.execute(HttpCommandExecutor.java:151)
	at org.openqa.selenium.remote.service.DriverCommandExecutor.invokeExecute(DriverCommandExecutor.java:216)
	at org.openqa.selenium.remote.service.DriverCommandExecutor.execute(DriverCommandExecutor.java:174)
	at org.openqa.selenium.remote.RemoteWebDriver.execute(RemoteWebDriver.java:527)
	at org.openqa.selenium.remote.ElementLocation$ElementFinder$2.findElement(ElementLocation.java:165)
	at org.openqa.selenium.remote.ElementLocation.findElement(ElementLocation.java:59)
	at org.openqa.selenium.remote.RemoteWebDriver.findElement(RemoteWebDriver.java:357)
	at org.openqa.selenium.remote.RemoteWebElement.findElement(RemoteWebElement.java:211)
	at org.openqa.selenium.support.decorators.WebDriverDecorator.call(WebDriverDecorator.java:249)
	at org.openqa.selenium.support.decorators.DefaultDecorated.call(DefaultDecorated.java:48)
	at org.openqa.selenium.support.decorators.WebDriverDecorator.lambda$createProxy$2(WebDriverDecorator.java:321)
	at net.bytebuddy.renamed.java.lang.Object$ByteBuddy$h3f2aNcp.findElement(Unknown Source)
	at org.openqa.selenium.support.pagefactory.DefaultElementLocator.findElement(DefaultElementLocator.java:68)
	at org.openqa.selenium.support.pagefactory.internal.LocatingElementHandler.invoke(LocatingElementHandler.java:38)
	at jdk.proxy2/jdk.proxy2.$Proxy52.isDisplayed(Unknown Source)
	at org.openqa.selenium.support.ui.ExpectedConditions.elementIfVisible(ExpectedConditions.java:304)
	at org.openqa.selenium.support.ui.ExpectedConditions$10.apply(ExpectedConditions.java:290)
	at org.openqa.selenium.support.ui.ExpectedConditions$10.apply(ExpectedConditions.java:287)
	at org.openqa.selenium.support.ui.ExpectedConditions$23.apply(ExpectedConditions.java:656)
	at org.openqa.selenium.support.ui.ExpectedConditions$23.apply(ExpectedConditions.java:652)
	at org.openqa.selenium.support.ui.FluentWait.until(FluentWait.java:203)
	at wait.WaitUtil.waitForElementToBeClickable(WaitUtil.java:37)
	at components.NavBar.clickNavLink(NavBar.java:91)
	at pages.CartPage.getCartItem(CartPage.java:107)
	at tests.CartPageTest.verifyMoveItemToWishlist(CartPageTest.java:162)
	at java.base/java.util.concurrent.Executors$RunnableAdapter.call(Executors.java:539)
	at java.base/java.util.concurrent.FutureTask.run(FutureTask.java:264)
	at java.base/java.util.concurrent.ThreadPoolExecutor.runWorker(ThreadPoolExecutor.java:1136)
	at java.base/java.util.concurrent.ThreadPoolExecutor$Worker.run(ThreadPoolExecutor.java:635)
	at java.base/java.lang.Thread.run(Thread.java:840)
... Removed 16 stack frames
</div> <!-- stack-trace -->
                </div> <!-- method-content -->
              </div> <!-- method -->
              <div class="method">
                <div class="method-content">
                  <a name="verifyRemovalOfItemFromCart">
                  </a> <!-- verifyRemovalOfItemFromCart -->
                  <span class="method-name">verifyRemovalOfItemFromCart</span>
                  <div class="stack-trace">org.openqa.selenium.NoSuchSessionException: Session ID is null. Using WebDriver after calling quit()?
Build info: version: &apos;4.23.0&apos;, revision: &apos;4df0a231af&apos;
System info: os.name: &apos;Windows 11&apos;, os.arch: &apos;amd64&apos;, os.version: &apos;10.0&apos;, java.version: &apos;17.0.10&apos;
Driver info: org.openqa.selenium.chrome.ChromeDriver
Command: [null, findChildElement {using=xpath, value=//button[@data-ref=&apos;badge-button&apos;], id=f.5890025590AF9804FA08F62BEB38FCC2.d.0EB6D164E6B8E703019A740976D13661.e.3920}]
Capabilities {acceptInsecureCerts: false, browserName: chrome, browserVersion: 127.0.6533.100, chrome: {chromedriverVersion: 127.0.6533.119 (bdef6783a05..., userDataDir: C:\Users\KWAZIN~1\AppData\L...}, fedcm:accounts: true, goog:chromeOptions: {debuggerAddress: localhost:55673}, networkConnectionEnabled: false, pageLoadStrategy: normal, platformName: windows, proxy: Proxy(), se:cdp: ws://localhost:55673/devtoo..., se:cdpVersion: 127.0.6533.100, setWindowRect: true, strictFileInteractability: false, timeouts: {implicit: 0, pageLoad: 300000, script: 30000}, unhandledPromptBehavior: dismiss and notify, webauthn:extension:credBlob: true, webauthn:extension:largeBlob: true, webauthn:extension:minPinLength: true, webauthn:extension:prf: true, webauthn:virtualAuthenticators: true}
	at org.openqa.selenium.remote.HttpCommandExecutor.execute(HttpCommandExecutor.java:151)
	at org.openqa.selenium.remote.service.DriverCommandExecutor.invokeExecute(DriverCommandExecutor.java:216)
	at org.openqa.selenium.remote.service.DriverCommandExecutor.execute(DriverCommandExecutor.java:174)
	at org.openqa.selenium.remote.RemoteWebDriver.execute(RemoteWebDriver.java:527)
	at org.openqa.selenium.remote.ElementLocation$ElementFinder$2.findElement(ElementLocation.java:165)
	at org.openqa.selenium.remote.ElementLocation.findElement(ElementLocation.java:59)
	at org.openqa.selenium.remote.RemoteWebDriver.findElement(RemoteWebDriver.java:357)
	at org.openqa.selenium.remote.RemoteWebElement.findElement(RemoteWebElement.java:211)
	at org.openqa.selenium.support.decorators.WebDriverDecorator.call(WebDriverDecorator.java:249)
	at org.openqa.selenium.support.decorators.DefaultDecorated.call(DefaultDecorated.java:48)
	at org.openqa.selenium.support.decorators.WebDriverDecorator.lambda$createProxy$2(WebDriverDecorator.java:321)
	at net.bytebuddy.renamed.java.lang.Object$ByteBuddy$h3f2aNcp.findElement(Unknown Source)
	at org.openqa.selenium.support.pagefactory.DefaultElementLocator.findElement(DefaultElementLocator.java:68)
	at org.openqa.selenium.support.pagefactory.internal.LocatingElementHandler.invoke(LocatingElementHandler.java:38)
	at jdk.proxy2/jdk.proxy2.$Proxy52.isDisplayed(Unknown Source)
	at org.openqa.selenium.support.ui.ExpectedConditions.elementIfVisible(ExpectedConditions.java:304)
	at org.openqa.selenium.support.ui.ExpectedConditions$10.apply(ExpectedConditions.java:290)
	at org.openqa.selenium.support.ui.ExpectedConditions$10.apply(ExpectedConditions.java:287)
	at org.openqa.selenium.support.ui.ExpectedConditions$23.apply(ExpectedConditions.java:656)
	at org.openqa.selenium.support.ui.ExpectedConditions$23.apply(ExpectedConditions.java:652)
	at org.openqa.selenium.support.ui.FluentWait.until(FluentWait.java:203)
	at wait.WaitUtil.waitForElementToBeClickable(WaitUtil.java:37)
	at components.NavBar.clickNavLink(NavBar.java:91)
	at pages.CartPage.getCartItem(CartPage.java:107)
	at tests.CartPageTest.verifyRemovalOfItemFromCart(CartPageTest.java:147)
	at java.base/java.util.concurrent.Executors$RunnableAdapter.call(Executors.java:539)
	at java.base/java.util.concurrent.FutureTask.run(FutureTask.java:264)
	at java.base/java.util.concurrent.ThreadPoolExecutor.runWorker(ThreadPoolExecutor.java:1136)
	at java.base/java.util.concurrent.ThreadPoolExecutor$Worker.run(ThreadPoolExecutor.java:635)
	at java.base/java.lang.Thread.run(Thread.java:840)
... Removed 16 stack frames
</div> <!-- stack-trace -->
                </div> <!-- method-content -->
              </div> <!-- method -->
            </div> <!-- main-panel-content rounded-window-bottom -->
          </div> <!-- suite-Takealot_Suite-class-failed -->
          <div class="suite-Takealot_Suite-class-failed">
            <div class="main-panel-header rounded-window-top">
              <img src="failed.png"/>
              <span class="class-name">tests.RegistrationPageTest</span>
            </div> <!-- main-panel-header rounded-window-top -->
            <div class="main-panel-content rounded-window-bottom">
              <div class="method">
                <div class="method-content">
                  <a name="verifyRegistration(TC009, John, Doe, jon.doe@gmail.com, P@ssw0rd, 012345, Please enter a 9 or 10-digit SA mobile number...)">
                  </a> <!-- verifyRegistration(TC009, John, Doe, jon.doe@gmail.com, P@ssw0rd, 012345, Please enter a 9 or 10-digit SA mobile number...) -->
                  <span class="method-name">verifyRegistration</span>
                  <span class="parameters">(TC009,John,Doe,jon.doe@gmail.com,P@ssw0rd,012345,Please enter a 9 or 10-digit SA mobile number,yes)</span>
                  <div class="stack-trace">org.openqa.selenium.NoSuchElementException: no such element: Unable to locate element: {&quot;method&quot;:&quot;xpath&quot;,&quot;selector&quot;:&quot;//input[@id=&apos;register_customer_email&apos;]&quot;}
  (Session info: chrome=127.0.6533.100)
For documentation on this error, please visit: https://www.selenium.dev/documentation/webdriver/troubleshooting/errors#no-such-element-exception
Build info: version: &apos;4.23.0&apos;, revision: &apos;4df0a231af&apos;
System info: os.name: &apos;Windows 11&apos;, os.arch: &apos;amd64&apos;, os.version: &apos;10.0&apos;, java.version: &apos;17.0.10&apos;
Driver info: org.openqa.selenium.chrome.ChromeDriver
Command: [6cf23ae08561db27f803a8bfce382e27, findElement {value=//input[@id=&apos;register_customer_email&apos;], using=xpath}]
Capabilities {acceptInsecureCerts: false, browserName: chrome, browserVersion: 127.0.6533.100, chrome: {chromedriverVersion: 127.0.6533.119 (bdef6783a05..., userDataDir: C:\Users\KWAZIN~1\AppData\L...}, fedcm:accounts: true, goog:chromeOptions: {debuggerAddress: localhost:55729}, networkConnectionEnabled: false, pageLoadStrategy: normal, platformName: windows, proxy: Proxy(), se:cdp: ws://localhost:55729/devtoo..., se:cdpVersion: 127.0.6533.100, setWindowRect: true, strictFileInteractability: false, timeouts: {implicit: 0, pageLoad: 300000, script: 30000}, unhandledPromptBehavior: dismiss and notify, webauthn:extension:credBlob: true, webauthn:extension:largeBlob: true, webauthn:extension:minPinLength: true, webauthn:extension:prf: true, webauthn:virtualAuthenticators: true}
Session ID: 6cf23ae08561db27f803a8bfce382e27
	at org.openqa.selenium.remote.ErrorCodec.decode(ErrorCodec.java:167)
	at org.openqa.selenium.remote.codec.w3c.W3CHttpResponseCodec.decode(W3CHttpResponseCodec.java:138)
	at org.openqa.selenium.remote.codec.w3c.W3CHttpResponseCodec.decode(W3CHttpResponseCodec.java:50)
	at org.openqa.selenium.remote.HttpCommandExecutor.execute(HttpCommandExecutor.java:190)
	at org.openqa.selenium.remote.service.DriverCommandExecutor.invokeExecute(DriverCommandExecutor.java:216)
	at org.openqa.selenium.remote.service.DriverCommandExecutor.execute(DriverCommandExecutor.java:174)
	at org.openqa.selenium.remote.RemoteWebDriver.execute(RemoteWebDriver.java:527)
	at org.openqa.selenium.remote.ElementLocation$ElementFinder$2.findElement(ElementLocation.java:165)
	at org.openqa.selenium.remote.ElementLocation.findElement(ElementLocation.java:59)
	at org.openqa.selenium.remote.RemoteWebDriver.findElement(RemoteWebDriver.java:357)
	at org.openqa.selenium.remote.RemoteWebDriver.findElement(RemoteWebDriver.java:351)
	at org.openqa.selenium.support.decorators.WebDriverDecorator.call(WebDriverDecorator.java:249)
	at org.openqa.selenium.support.decorators.DefaultDecorated.call(DefaultDecorated.java:48)
	at org.openqa.selenium.support.decorators.WebDriverDecorator.lambda$createProxy$2(WebDriverDecorator.java:321)
	at net.bytebuddy.renamed.java.lang.Object$ByteBuddy$qbgxZnX8.findElement(Unknown Source)
	at org.openqa.selenium.support.pagefactory.DefaultElementLocator.findElement(DefaultElementLocator.java:68)
	at org.openqa.selenium.support.pagefactory.internal.LocatingElementHandler.invoke(LocatingElementHandler.java:38)
	at jdk.proxy2/jdk.proxy2.$Proxy52.clear(Unknown Source)
	at pages.BasePage.sendKeys(BasePage.java:138)
	at pages.RegistrationPage.typeEmail(RegistrationPage.java:124)
	at tests.RegistrationPageTest.verifyRegistration(RegistrationPageTest.java:90)
	at java.base/java.util.concurrent.Executors$RunnableAdapter.call(Executors.java:539)
	at java.base/java.util.concurrent.FutureTask.run(FutureTask.java:264)
	at java.base/java.util.concurrent.ThreadPoolExecutor.runWorker(ThreadPoolExecutor.java:1136)
	at java.base/java.util.concurrent.ThreadPoolExecutor$Worker.run(ThreadPoolExecutor.java:635)
	at java.base/java.lang.Thread.run(Thread.java:840)
... Removed 20 stack frames
</div> <!-- stack-trace -->
                </div> <!-- method-content -->
              </div> <!-- method -->
              <div class="method">
                <div class="method-content">
                  <a name="verifyRegistration(TC010, John, Doe, jon.doe@gmail.com, P@ssw0rd, , Mobile number must be at least 10 digits, yes)">
                  </a> <!-- verifyRegistration(TC010, John, Doe, jon.doe@gmail.com, P@ssw0rd, , Mobile number must be at least 10 digits, yes) -->
                  <span class="method-name">verifyRegistration</span>
                  <span class="parameters">(TC010,John,Doe,jon.doe@gmail.com,P@ssw0rd,,Mobile number must be at least 10 digits,yes)</span>
                  <div class="stack-trace">org.openqa.selenium.TimeoutException: Expected condition failed: waiting for visibility of Proxy element for: DefaultElementLocator &apos;By.xpath: //input[@id=&apos;register_customer_first_name&apos;]&apos; (tried for 10 second(s) with 500 milliseconds interval)
	at org.openqa.selenium.support.ui.WebDriverWait.timeoutException(WebDriverWait.java:84)
	at org.openqa.selenium.support.ui.FluentWait.until(FluentWait.java:228)
	at wait.WaitUtil.waitForElementToBeVisible(WaitUtil.java:50)
	at pages.BasePage.sendKeys(BasePage.java:136)
	at pages.RegistrationPage.typeFirstname(RegistrationPage.java:84)
	at tests.RegistrationPageTest.verifyRegistration(RegistrationPageTest.java:90)
	at java.base/java.util.concurrent.Executors$RunnableAdapter.call(Executors.java:539)
	at java.base/java.util.concurrent.FutureTask.run(FutureTask.java:264)
	at java.base/java.util.concurrent.ThreadPoolExecutor.runWorker(ThreadPoolExecutor.java:1136)
	at java.base/java.util.concurrent.ThreadPoolExecutor$Worker.run(ThreadPoolExecutor.java:635)
	at java.base/java.lang.Thread.run(Thread.java:840)
Caused by: org.openqa.selenium.NoSuchElementException: no such element: Unable to locate element: {&quot;method&quot;:&quot;xpath&quot;,&quot;selector&quot;:&quot;//input[@id=&apos;register_customer_first_name&apos;]&quot;}
  (Session info: chrome=127.0.6533.100)
For documentation on this error, please visit: https://www.selenium.dev/documentation/webdriver/troubleshooting/errors#no-such-element-exception
Build info: version: &apos;4.23.0&apos;, revision: &apos;4df0a231af&apos;
System info: os.name: &apos;Windows 11&apos;, os.arch: &apos;amd64&apos;, os.version: &apos;10.0&apos;, java.version: &apos;17.0.10&apos;
Driver info: org.openqa.selenium.chrome.ChromeDriver
Command: [6cf23ae08561db27f803a8bfce382e27, findElement {value=//input[@id=&apos;register_customer_first_name&apos;], using=xpath}]
Capabilities {acceptInsecureCerts: false, browserName: chrome, browserVersion: 127.0.6533.100, chrome: {chromedriverVersion: 127.0.6533.119 (bdef6783a05..., userDataDir: C:\Users\KWAZIN~1\AppData\L...}, fedcm:accounts: true, goog:chromeOptions: {debuggerAddress: localhost:55729}, networkConnectionEnabled: false, pageLoadStrategy: normal, platformName: windows, proxy: Proxy(), se:cdp: ws://localhost:55729/devtoo..., se:cdpVersion: 127.0.6533.100, setWindowRect: true, strictFileInteractability: false, timeouts: {implicit: 0, pageLoad: 300000, script: 30000}, unhandledPromptBehavior: dismiss and notify, webauthn:extension:credBlob: true, webauthn:extension:largeBlob: true, webauthn:extension:minPinLength: true, webauthn:extension:prf: true, webauthn:virtualAuthenticators: true}
Session ID: 6cf23ae08561db27f803a8bfce382e27
	at org.openqa.selenium.remote.ErrorCodec.decode(ErrorCodec.java:167)
	at org.openqa.selenium.remote.codec.w3c.W3CHttpResponseCodec.decode(W3CHttpResponseCodec.java:138)
	at org.openqa.selenium.remote.codec.w3c.W3CHttpResponseCodec.decode(W3CHttpResponseCodec.java:50)
	at org.openqa.selenium.remote.HttpCommandExecutor.execute(HttpCommandExecutor.java:190)
	at org.openqa.selenium.remote.service.DriverCommandExecutor.invokeExecute(DriverCommandExecutor.java:216)
	at org.openqa.selenium.remote.service.DriverCommandExecutor.execute(DriverCommandExecutor.java:174)
	at org.openqa.selenium.remote.RemoteWebDriver.execute(RemoteWebDriver.java:527)
	at org.openqa.selenium.remote.ElementLocation$ElementFinder$2.findElement(ElementLocation.java:165)
	at org.openqa.selenium.remote.ElementLocation.findElement(ElementLocation.java:59)
	at org.openqa.selenium.remote.RemoteWebDriver.findElement(RemoteWebDriver.java:357)
	at org.openqa.selenium.remote.RemoteWebDriver.findElement(RemoteWebDriver.java:351)
	at org.openqa.selenium.support.decorators.WebDriverDecorator.call(WebDriverDecorator.java:249)
	at org.openqa.selenium.support.decorators.DefaultDecorated.call(DefaultDecorated.java:48)
	at org.openqa.selenium.support.decorators.WebDriverDecorator.lambda$createProxy$2(WebDriverDecorator.java:321)
	at net.bytebuddy.renamed.java.lang.Object$ByteBuddy$qbgxZnX8.findElement(Unknown Source)
	at org.openqa.selenium.support.pagefactory.DefaultElementLocator.findElement(DefaultElementLocator.java:68)
	at org.openqa.selenium.support.pagefactory.internal.LocatingElementHandler.invoke(LocatingElementHandler.java:38)
	at jdk.proxy2/jdk.proxy2.$Proxy52.isDisplayed(Unknown Source)
	at org.openqa.selenium.support.ui.ExpectedConditions.elementIfVisible(ExpectedConditions.java:304)
	at org.openqa.selenium.support.ui.ExpectedConditions$10.apply(ExpectedConditions.java:290)
	at org.openqa.selenium.support.ui.ExpectedConditions$10.apply(ExpectedConditions.java:287)
	at org.openqa.selenium.support.ui.FluentWait.until(FluentWait.java:203)
	... 22 more
... Removed 20 stack frames
</div> <!-- stack-trace -->
                </div> <!-- method-content -->
              </div> <!-- method -->
              <div class="method">
                <div class="method-content">
                  <a name="verifyRegistration(TC011, John, Doe, jon.doe@gmail.com, P@ssw0rd, 123456789, Please enter a 9 or 10-digit SA mobile num...)">
                  </a> <!-- verifyRegistration(TC011, John, Doe, jon.doe@gmail.com, P@ssw0rd, 123456789, Please enter a 9 or 10-digit SA mobile num...) -->
                  <span class="method-name">verifyRegistration</span>
                  <span class="parameters">(TC011,John,Doe,jon.doe@gmail.com,P@ssw0rd,123456789,Please enter a 9 or 10-digit SA mobile number,yes)</span>
                  <div class="stack-trace">org.openqa.selenium.TimeoutException: Expected condition failed: waiting for visibility of Proxy element for: DefaultElementLocator &apos;By.xpath: //input[@id=&apos;register_customer_first_name&apos;]&apos; (tried for 10 second(s) with 500 milliseconds interval)
	at org.openqa.selenium.support.ui.WebDriverWait.timeoutException(WebDriverWait.java:84)
	at org.openqa.selenium.support.ui.FluentWait.until(FluentWait.java:228)
	at wait.WaitUtil.waitForElementToBeVisible(WaitUtil.java:50)
	at pages.BasePage.sendKeys(BasePage.java:136)
	at pages.RegistrationPage.typeFirstname(RegistrationPage.java:84)
	at tests.RegistrationPageTest.verifyRegistration(RegistrationPageTest.java:90)
	at java.base/java.util.concurrent.Executors$RunnableAdapter.call(Executors.java:539)
	at java.base/java.util.concurrent.FutureTask.run(FutureTask.java:264)
	at java.base/java.util.concurrent.ThreadPoolExecutor.runWorker(ThreadPoolExecutor.java:1136)
	at java.base/java.util.concurrent.ThreadPoolExecutor$Worker.run(ThreadPoolExecutor.java:635)
	at java.base/java.lang.Thread.run(Thread.java:840)
Caused by: org.openqa.selenium.NoSuchElementException: no such element: Unable to locate element: {&quot;method&quot;:&quot;xpath&quot;,&quot;selector&quot;:&quot;//input[@id=&apos;register_customer_first_name&apos;]&quot;}
  (Session info: chrome=127.0.6533.100)
For documentation on this error, please visit: https://www.selenium.dev/documentation/webdriver/troubleshooting/errors#no-such-element-exception
Build info: version: &apos;4.23.0&apos;, revision: &apos;4df0a231af&apos;
System info: os.name: &apos;Windows 11&apos;, os.arch: &apos;amd64&apos;, os.version: &apos;10.0&apos;, java.version: &apos;17.0.10&apos;
Driver info: org.openqa.selenium.chrome.ChromeDriver
Command: [6cf23ae08561db27f803a8bfce382e27, findElement {value=//input[@id=&apos;register_customer_first_name&apos;], using=xpath}]
Capabilities {acceptInsecureCerts: false, browserName: chrome, browserVersion: 127.0.6533.100, chrome: {chromedriverVersion: 127.0.6533.119 (bdef6783a05..., userDataDir: C:\Users\KWAZIN~1\AppData\L...}, fedcm:accounts: true, goog:chromeOptions: {debuggerAddress: localhost:55729}, networkConnectionEnabled: false, pageLoadStrategy: normal, platformName: windows, proxy: Proxy(), se:cdp: ws://localhost:55729/devtoo..., se:cdpVersion: 127.0.6533.100, setWindowRect: true, strictFileInteractability: false, timeouts: {implicit: 0, pageLoad: 300000, script: 30000}, unhandledPromptBehavior: dismiss and notify, webauthn:extension:credBlob: true, webauthn:extension:largeBlob: true, webauthn:extension:minPinLength: true, webauthn:extension:prf: true, webauthn:virtualAuthenticators: true}
Session ID: 6cf23ae08561db27f803a8bfce382e27
	at org.openqa.selenium.remote.ErrorCodec.decode(ErrorCodec.java:167)
	at org.openqa.selenium.remote.codec.w3c.W3CHttpResponseCodec.decode(W3CHttpResponseCodec.java:138)
	at org.openqa.selenium.remote.codec.w3c.W3CHttpResponseCodec.decode(W3CHttpResponseCodec.java:50)
	at org.openqa.selenium.remote.HttpCommandExecutor.execute(HttpCommandExecutor.java:190)
	at org.openqa.selenium.remote.service.DriverCommandExecutor.invokeExecute(DriverCommandExecutor.java:216)
	at org.openqa.selenium.remote.service.DriverCommandExecutor.execute(DriverCommandExecutor.java:174)
	at org.openqa.selenium.remote.RemoteWebDriver.execute(RemoteWebDriver.java:527)
	at org.openqa.selenium.remote.ElementLocation$ElementFinder$2.findElement(ElementLocation.java:165)
	at org.openqa.selenium.remote.ElementLocation.findElement(ElementLocation.java:59)
	at org.openqa.selenium.remote.RemoteWebDriver.findElement(RemoteWebDriver.java:357)
	at org.openqa.selenium.remote.RemoteWebDriver.findElement(RemoteWebDriver.java:351)
	at org.openqa.selenium.support.decorators.WebDriverDecorator.call(WebDriverDecorator.java:249)
	at org.openqa.selenium.support.decorators.DefaultDecorated.call(DefaultDecorated.java:48)
	at org.openqa.selenium.support.decorators.WebDriverDecorator.lambda$createProxy$2(WebDriverDecorator.java:321)
	at net.bytebuddy.renamed.java.lang.Object$ByteBuddy$qbgxZnX8.findElement(Unknown Source)
	at org.openqa.selenium.support.pagefactory.DefaultElementLocator.findElement(DefaultElementLocator.java:68)
	at org.openqa.selenium.support.pagefactory.internal.LocatingElementHandler.invoke(LocatingElementHandler.java:38)
	at jdk.proxy2/jdk.proxy2.$Proxy52.isDisplayed(Unknown Source)
	at org.openqa.selenium.support.ui.ExpectedConditions.elementIfVisible(ExpectedConditions.java:304)
	at org.openqa.selenium.support.ui.ExpectedConditions$10.apply(ExpectedConditions.java:290)
	at org.openqa.selenium.support.ui.ExpectedConditions$10.apply(ExpectedConditions.java:287)
	at org.openqa.selenium.support.ui.FluentWait.until(FluentWait.java:203)
	... 22 more
... Removed 20 stack frames
</div> <!-- stack-trace -->
                </div> <!-- method-content -->
              </div> <!-- method -->
            </div> <!-- main-panel-content rounded-window-bottom -->
          </div> <!-- suite-Takealot_Suite-class-failed -->
          <div class="suite-Takealot_Suite-class-passed">
            <div class="main-panel-header rounded-window-top">
              <img src="passed.png"/>
              <span class="class-name">tests.LoginPageTest</span>
            </div> <!-- main-panel-header rounded-window-top -->
            <div class="main-panel-content rounded-window-bottom">
              <div class="method">
                <div class="method-content">
                  <a name="verifyLogin(TC002, john.doe@gmail.com, null, Please enter a password, yes)">
                  </a> <!-- verifyLogin(TC002, john.doe@gmail.com, null, Please enter a password, yes) -->
                  <span class="method-name">verifyLogin</span>
                  <span class="parameters">(TC002,john.doe@gmail.com,null,Please enter a password,yes)</span>
                </div> <!-- method-content -->
              </div> <!-- method -->
              <div class="method">
                <div class="method-content">
                  <a name="verifyLogin(TC003, jon.doe@gmail.com, P@ssw0rd, Incorrect Email or Password. Please try again and ensure Caps Lo...)">
                  </a> <!-- verifyLogin(TC003, jon.doe@gmail.com, P@ssw0rd, Incorrect Email or Password. Please try again and ensure Caps Lo...) -->
                  <span class="method-name">verifyLogin</span>
                  <span class="parameters">(TC003,jon.doe@gmail.com,P@ssw0rd,Incorrect Email or Password. Please try again and ensure Caps Lock is not enabled.,yes)</span>
                </div> <!-- method-content -->
              </div> <!-- method -->
              <div class="method">
                <div class="method-content">
                  <a name="verifyLogin(TC001, , P@ssw0rd, Please fill in your email address, yes)">
                  </a> <!-- verifyLogin(TC001, , P@ssw0rd, Please fill in your email address, yes) -->
                  <span class="method-name">verifyLogin</span>
                  <span class="parameters">(TC001,,P@ssw0rd,Please fill in your email address,yes)</span>
                </div> <!-- method-content -->
              </div> <!-- method -->
              <div class="method">
                <div class="method-content">
                  <a name="verifyLogin(TC004, john.doe@gmail.com, P@ssw0rd, Incorrect Email or Password. Please try again and ensure Caps L...)">
                  </a> <!-- verifyLogin(TC004, john.doe@gmail.com, P@ssw0rd, Incorrect Email or Password. Please try again and ensure Caps L...) -->
                  <span class="method-name">verifyLogin</span>
                  <span class="parameters">(TC004,john.doe@gmail.com,P@ssw0rd,Incorrect Email or Password. Please try again and ensure Caps Lock is not enabled.,yes)</span>
                </div> <!-- method-content -->
              </div> <!-- method -->
            </div> <!-- main-panel-content rounded-window-bottom -->
          </div> <!-- suite-Takealot_Suite-class-passed -->
          <div class="suite-Takealot_Suite-class-passed">
            <div class="main-panel-header rounded-window-top">
              <img src="passed.png"/>
              <span class="class-name">tests.ProductsPageTest</span>
            </div> <!-- main-panel-header rounded-window-top -->
            <div class="main-panel-content rounded-window-bottom">
              <div class="method">
                <div class="method-content">
                  <a name="verifyIsResultsVisible">
                  </a> <!-- verifyIsResultsVisible -->
                  <span class="method-name">verifyIsResultsVisible</span>
                </div> <!-- method-content -->
              </div> <!-- method -->
              <div class="method">
                <div class="method-content">
                  <a name="verifyProductAddToCart">
                  </a> <!-- verifyProductAddToCart -->
                  <span class="method-name">verifyProductAddToCart</span>
                </div> <!-- method-content -->
              </div> <!-- method -->
              <div class="method">
                <div class="method-content">
                  <a name="verifyProductDetails(Fujifilm Instax Mini 12 Camera + Case and Film, Fujifilm Instax, 1999.0, 4.8, 120.0, Cameras, yes)">
                  </a> <!-- verifyProductDetails(Fujifilm Instax Mini 12 Camera + Case and Film, Fujifilm Instax, 1999.0, 4.8, 120.0, Cameras, yes) -->
                  <span class="method-name">verifyProductDetails</span>
                  <span class="parameters">(Fujifilm Instax Mini 12 Camera + Case and Film,Fujifilm Instax,1999.0,4.8,120.0,Cameras,yes)</span>
                </div> <!-- method-content -->
              </div> <!-- method -->
              <div class="method">
                <div class="method-content">
                  <a name="verifyProductDetails(Fender Squier SA-105CE Acoustic Electric Guitar, Squier, 3495.0, 4.2, 4.0, Music, yes)">
                  </a> <!-- verifyProductDetails(Fender Squier SA-105CE Acoustic Electric Guitar, Squier, 3495.0, 4.2, 4.0, Music, yes) -->
                  <span class="method-name">verifyProductDetails</span>
                  <span class="parameters">(Fender Squier SA-105CE Acoustic Electric Guitar,Squier,3495.0,4.2,4.0,Music,yes)</span>
                </div> <!-- method-content -->
              </div> <!-- method -->
              <div class="method">
                <div class="method-content">
                  <a name="verifyProductDetails(Apex - Marine Luxury Men&#039;s Leather Watch, Apex, 690.0, 5.0, 4.0, Watches and accessories, yes)">
                  </a> <!-- verifyProductDetails(Apex - Marine Luxury Men's Leather Watch, Apex, 690.0, 5.0, 4.0, Watches and accessories, yes) -->
                  <span class="method-name">verifyProductDetails</span>
                  <span class="parameters">(Apex - Marine Luxury Men's Leather Watch,Apex,690.0,5.0,4.0,Watches and accessories,yes)</span>
                </div> <!-- method-content -->
              </div> <!-- method -->
            </div> <!-- main-panel-content rounded-window-bottom -->
          </div> <!-- suite-Takealot_Suite-class-passed -->
          <div class="suite-Takealot_Suite-class-passed">
            <div class="main-panel-header rounded-window-top">
              <img src="passed.png"/>
              <span class="class-name">tests.HomePageTest</span>
            </div> <!-- main-panel-header rounded-window-top -->
            <div class="main-panel-content rounded-window-bottom">
              <div class="method">
                <div class="method-content">
                  <a name="testNavigateToLogin">
                  </a> <!-- testNavigateToLogin -->
                  <span class="method-name">testNavigateToLogin</span>
                </div> <!-- method-content -->
              </div> <!-- method -->
              <div class="method">
                <div class="method-content">
                  <a name="testNavigateToRegister">
                  </a> <!-- testNavigateToRegister -->
                  <span class="method-name">testNavigateToRegister</span>
                </div> <!-- method-content -->
              </div> <!-- method -->
              <div class="method">
                <div class="method-content">
                  <a name="verifySearchFunctionality(TC007, !/*][#$&amp;, default-page)">
                  </a> <!-- verifySearchFunctionality(TC007, !/*][#$&, default-page) -->
                  <span class="method-name">verifySearchFunctionality</span>
                  <span class="parameters">(TC007,!/*][#$&,default-page)</span>
                </div> <!-- method-content -->
              </div> <!-- method -->
              <div class="method">
                <div class="method-content">
                  <a name="verifySearchFunctionality(TC004, IPHONE 15, results-page)">
                  </a> <!-- verifySearchFunctionality(TC004, IPHONE 15, results-page) -->
                  <span class="method-name">verifySearchFunctionality</span>
                  <span class="parameters">(TC004,IPHONE 15,results-page)</span>
                </div> <!-- method-content -->
              </div> <!-- method -->
              <div class="method">
                <div class="method-content">
                  <a name="verifySearchFunctionality(TC010, gibharish-uhjbjk, empty-results-page)">
                  </a> <!-- verifySearchFunctionality(TC010, gibharish-uhjbjk, empty-results-page) -->
                  <span class="method-name">verifySearchFunctionality</span>
                  <span class="parameters">(TC010,gibharish-uhjbjk,empty-results-page)</span>
                </div> <!-- method-content -->
              </div> <!-- method -->
              <div class="method">
                <div class="method-content">
                  <a name="verifySearchFunctionality(TC008, aaaaaaaaaaaaaaaaaaaaaaaaaaaaaaaaaaaaaaaaaaaaaaaaaaaaaaaaaaaaaaaaaaaaaaaaaaaaaaaaaaaaaaaaaaaaa...)">
                  </a> <!-- verifySearchFunctionality(TC008, aaaaaaaaaaaaaaaaaaaaaaaaaaaaaaaaaaaaaaaaaaaaaaaaaaaaaaaaaaaaaaaaaaaaaaaaaaaaaaaaaaaaaaaaaaaaa...) -->
                  <span class="method-name">verifySearchFunctionality</span>
                  <span class="parameters">(TC008,aaaaaaaaaaaaaaaaaaaaaaaaaaaaaaaaaaaaaaaaaaaaaaaaaaaaaaaaaaaaaaaaaaaaaaaaaaaaaaaaaaaaaaaaaaaaaaaaaaaaaaaaaaaaaaaaaa,empty-results-page)</span>
                </div> <!-- method-content -->
              </div> <!-- method -->
              <div class="method">
                <div class="method-content">
                  <a name="verifySearchFunctionality(TC001, iphone, results-page)">
                  </a> <!-- verifySearchFunctionality(TC001, iphone, results-page) -->
                  <span class="method-name">verifySearchFunctionality</span>
                  <span class="parameters">(TC001,iphone,results-page)</span>
                </div> <!-- method-content -->
              </div> <!-- method -->
              <div class="method">
                <div class="method-content">
                  <a name="verifySearchFunctionality(TC006, , default-page)">
                  </a> <!-- verifySearchFunctionality(TC006, , default-page) -->
                  <span class="method-name">verifySearchFunctionality</span>
                  <span class="parameters">(TC006,,default-page)</span>
                </div> <!-- method-content -->
              </div> <!-- method -->
              <div class="method">
                <div class="method-content">
                  <a name="verifySearchFunctionality(TC003, monitor, results-page)">
                  </a> <!-- verifySearchFunctionality(TC003, monitor, results-page) -->
                  <span class="method-name">verifySearchFunctionality</span>
                  <span class="parameters">(TC003,monitor,results-page)</span>
                </div> <!-- method-content -->
              </div> <!-- method -->
              <div class="method">
                <div class="method-content">
                  <a name="verifySearchFunctionality(TC009, XYZ123NonExistent, empty-results-page)">
                  </a> <!-- verifySearchFunctionality(TC009, XYZ123NonExistent, empty-results-page) -->
                  <span class="method-name">verifySearchFunctionality</span>
                  <span class="parameters">(TC009,XYZ123NonExistent,empty-results-page)</span>
                </div> <!-- method-content -->
              </div> <!-- method -->
              <div class="method">
                <div class="method-content">
                  <a name="verifySearchFunctionality(TC005, iphone 15, results-page)">
                  </a> <!-- verifySearchFunctionality(TC005, iphone 15, results-page) -->
                  <span class="method-name">verifySearchFunctionality</span>
                  <span class="parameters">(TC005,iphone 15,results-page)</span>
                </div> <!-- method-content -->
              </div> <!-- method -->
              <div class="method">
                <div class="method-content">
                  <a name="verifySearchFunctionality(TC002, Wireless Earbuds, results-page)">
                  </a> <!-- verifySearchFunctionality(TC002, Wireless Earbuds, results-page) -->
                  <span class="method-name">verifySearchFunctionality</span>
                  <span class="parameters">(TC002,Wireless Earbuds,results-page)</span>
                </div> <!-- method-content -->
              </div> <!-- method -->
              <div class="method">
                <div class="method-content">
                  <a name="verifyTitle">
                  </a> <!-- verifyTitle -->
                  <span class="method-name">verifyTitle</span>
                </div> <!-- method-content -->
              </div> <!-- method -->
            </div> <!-- main-panel-content rounded-window-bottom -->
          </div> <!-- suite-Takealot_Suite-class-passed -->
          <div class="suite-Takealot_Suite-class-passed">
            <div class="main-panel-header rounded-window-top">
              <img src="passed.png"/>
              <span class="class-name">tests.CartPageTest</span>
            </div> <!-- main-panel-header rounded-window-top -->
            <div class="main-panel-content rounded-window-bottom">
              <div class="method">
                <div class="method-content">
                  <a name="verifyCartNotEmpty">
                  </a> <!-- verifyCartNotEmpty -->
                  <span class="method-name">verifyCartNotEmpty</span>
                </div> <!-- method-content -->
              </div> <!-- method -->
              <div class="method">
                <div class="method-content">
                  <a name="verifyTotalCartPrice">
                  </a> <!-- verifyTotalCartPrice -->
                  <span class="method-name">verifyTotalCartPrice</span>
                </div> <!-- method-content -->
              </div> <!-- method -->
            </div> <!-- main-panel-content rounded-window-bottom -->
          </div> <!-- suite-Takealot_Suite-class-passed -->
          <div class="suite-Takealot_Suite-class-passed">
            <div class="main-panel-header rounded-window-top">
              <img src="passed.png"/>
              <span class="class-name">tests.RegistrationPageTest</span>
            </div> <!-- main-panel-header rounded-window-top -->
            <div class="main-panel-content rounded-window-bottom">
              <div class="method">
                <div class="method-content">
                  <a name="verifyRegistration(TC004, null, Doe, jon.doe@gmail.com, P@ssw0rd, 012345680, Please enter your first name, yes)">
                  </a> <!-- verifyRegistration(TC004, null, Doe, jon.doe@gmail.com, P@ssw0rd, 012345680, Please enter your first name, yes) -->
                  <span class="method-name">verifyRegistration</span>
                  <span class="parameters">(TC004,null,Doe,jon.doe@gmail.com,P@ssw0rd,012345680,Please enter your first name,yes)</span>
                </div> <!-- method-content -->
              </div> <!-- method -->
              <div class="method">
                <div class="method-content">
                  <a name="verifyRegistration(TC003, John, null, jon.doe@gmail.com, P@ssw0rd, 012345679, Please enter your last name, yes)">
                  </a> <!-- verifyRegistration(TC003, John, null, jon.doe@gmail.com, P@ssw0rd, 012345679, Please enter your last name, yes) -->
                  <span class="method-name">verifyRegistration</span>
                  <span class="parameters">(TC003,John,null,jon.doe@gmail.com,P@ssw0rd,012345679,Please enter your last name,yes)</span>
                </div> <!-- method-content -->
              </div> <!-- method -->
              <div class="method">
                <div class="method-content">
                  <a name="verifyRegistration(TC008, John, Doe, , P@ssw0rd, 012345684, Please enter your email address, yes)">
                  </a> <!-- verifyRegistration(TC008, John, Doe, , P@ssw0rd, 012345684, Please enter your email address, yes) -->
                  <span class="method-name">verifyRegistration</span>
                  <span class="parameters">(TC008,John,Doe,,P@ssw0rd,012345684,Please enter your email address,yes)</span>
                </div> <!-- method-content -->
              </div> <!-- method -->
              <div class="method">
                <div class="method-content">
                  <a name="verifyRegistration(TC001, John, Doe, john.doe@gmail.com, P@ssw0rd, 0612345679, This email address is already registered...)">
                  </a> <!-- verifyRegistration(TC001, John, Doe, john.doe@gmail.com, P@ssw0rd, 0612345679, This email address is already registered...) -->
                  <span class="method-name">verifyRegistration</span>
                  <span class="parameters">(TC001,John,Doe,john.doe@gmail.com,P@ssw0rd,0612345679,This email address is already registered on takealot.com,yes)</span>
                </div> <!-- method-content -->
              </div> <!-- method -->
              <div class="method">
                <div class="method-content">
                  <a name="verifyRegistration(TC002, John, Doe, jon.doe@gmail.com, P@ssw0rd, 0612345679, Success, yes)">
                  </a> <!-- verifyRegistration(TC002, John, Doe, jon.doe@gmail.com, P@ssw0rd, 0612345679, Success, yes) -->
                  <span class="method-name">verifyRegistration</span>
                  <span class="parameters">(TC002,John,Doe,jon.doe@gmail.com,P@ssw0rd,0612345679,Success,yes)</span>
                </div> <!-- method-content -->
              </div> <!-- method -->
              <div class="method">
                <div class="method-content">
                  <a name="verifyRegistration(TC005, John, Doe, invalid-email, P@ssw0rd, 012345681, Please enter a valid email address, yes)">
                  </a> <!-- verifyRegistration(TC005, John, Doe, invalid-email, P@ssw0rd, 012345681, Please enter a valid email address, yes) -->
                  <span class="method-name">verifyRegistration</span>
                  <span class="parameters">(TC005,John,Doe,invalid-email,P@ssw0rd,012345681,Please enter a valid email address,yes)</span>
                </div> <!-- method-content -->
              </div> <!-- method -->
              <div class="method">
                <div class="method-content">
                  <a name="verifyRegistration(TC006, John, Doe, jon.doe@gmail.com, short, 012345682, Password must be at least 8 characters and 1 ...)">
                  </a> <!-- verifyRegistration(TC006, John, Doe, jon.doe@gmail.com, short, 012345682, Password must be at least 8 characters and 1 ...) -->
                  <span class="method-name">verifyRegistration</span>
                  <span class="parameters">(TC006,John,Doe,jon.doe@gmail.com,short,012345682,Password must be at least 8 characters and 1 special character or number,yes)</span>
                </div> <!-- method-content -->
              </div> <!-- method -->
              <div class="method">
                <div class="method-content">
                  <a name="verifyRegistration(TC007, John, Doe, jon.doe@gmail.com, , 012345683, Please enter a password, yes)">
                  </a> <!-- verifyRegistration(TC007, John, Doe, jon.doe@gmail.com, , 012345683, Please enter a password, yes) -->
                  <span class="method-name">verifyRegistration</span>
                  <span class="parameters">(TC007,John,Doe,jon.doe@gmail.com,,012345683,Please enter a password,yes)</span>
                </div> <!-- method-content -->
              </div> <!-- method -->
            </div> <!-- main-panel-content rounded-window-bottom -->
          </div> <!-- suite-Takealot_Suite-class-passed -->
        </div> <!-- panel Takealot_Suite -->
        <div panel-name="test-xml-Takealot_Suite" class="panel">
          <div class="main-panel-header rounded-window-top">
            <span class="header-content">C:\Users\kwazinkosizwane\eclipse-workspace\takealot-automation\test.xml</span>
          </div> <!-- main-panel-header rounded-window-top -->
          <div class="main-panel-content rounded-window-bottom">
            <pre>
&lt;?xml version=&quot;1.0&quot; encoding=&quot;UTF-8&quot;?&gt;
&lt;!DOCTYPE suite SYSTEM &quot;https://testng.org/testng-1.0.dtd&quot;&gt;
&lt;suite name=&quot;Takealot Suite&quot; guice-stage=&quot;DEVELOPMENT&quot;&gt;
  &lt;listeners&gt;
    &lt;listener class-name=&quot;utilities.TestSetup&quot;/&gt;
    &lt;listener class-name=&quot;reporting.ReportManager&quot;/&gt;
    &lt;listener class-name=&quot;utilities.TestExecutionListener&quot;/&gt;
  &lt;/listeners&gt;
  &lt;test thread-count=&quot;5&quot; parallel=&quot;classes&quot; name=&quot;Takealot Automation Tests&quot;&gt;
    &lt;classes&gt;
      &lt;class name=&quot;tests.HomePageTest&quot;/&gt;
      &lt;class name=&quot;tests.ProductsPageTest&quot;/&gt;
      &lt;class name=&quot;tests.RegistrationPageTest&quot;/&gt;
      &lt;class name=&quot;tests.LoginPageTest&quot;/&gt;
      &lt;class name=&quot;tests.CartPageTest&quot;/&gt;
    &lt;/classes&gt;
  &lt;/test&gt; &lt;!-- Takealot Automation Tests --&gt;
&lt;/suite&gt; &lt;!-- Takealot Suite --&gt;
            </pre>
          </div> <!-- main-panel-content rounded-window-bottom -->
        </div> <!-- panel -->
        <div panel-name="testlist-Takealot_Suite" class="panel">
          <div class="main-panel-header rounded-window-top">
            <span class="header-content">Tests for Takealot Suite</span>
          </div> <!-- main-panel-header rounded-window-top -->
          <div class="main-panel-content rounded-window-bottom">
            <ul>
              <li>
                <span class="test-name">Takealot Automation Tests (5 classes)</span>
              </li>
            </ul>
          </div> <!-- main-panel-content rounded-window-bottom -->
        </div> <!-- panel -->
        <div panel-name="group-Takealot_Suite" class="panel">
          <div class="main-panel-header rounded-window-top">
            <span class="header-content">Groups for Takealot Suite</span>
          </div> <!-- main-panel-header rounded-window-top -->
          <div class="main-panel-content rounded-window-bottom">
            <div class="test-group">
              <span class="test-group-name">cart</span>
              <br/>
              <div class="method-in-group">
                <span class="method-in-group-name">testNavigateToCart</span>
                <br/>
              </div> <!-- method-in-group -->
              <div class="method-in-group">
                <span class="method-in-group-name">verifyCartIsEmpty</span>
                <br/>
              </div> <!-- method-in-group -->
              <div class="method-in-group">
                <span class="method-in-group-name">verifyCartNotEmpty</span>
                <br/>
              </div> <!-- method-in-group -->
              <div class="method-in-group">
                <span class="method-in-group-name">verifyItemDetailsInCart</span>
                <br/>
              </div> <!-- method-in-group -->
              <div class="method-in-group">
                <span class="method-in-group-name">verifyMoveItemToWishlist</span>
                <br/>
              </div> <!-- method-in-group -->
              <div class="method-in-group">
                <span class="method-in-group-name">verifyProductAddToCart</span>
                <br/>
              </div> <!-- method-in-group -->
              <div class="method-in-group">
                <span class="method-in-group-name">verifyRemovalOfItemFromCart</span>
                <br/>
              </div> <!-- method-in-group -->
              <div class="method-in-group">
                <span class="method-in-group-name">verifyTotalCartPrice</span>
                <br/>
              </div> <!-- method-in-group -->
            </div> <!-- test-group -->
            <div class="test-group">
              <span class="test-group-name">details</span>
              <br/>
              <div class="method-in-group">
                <span class="method-in-group-name">verifyProductDetails</span>
                <br/>
              </div> <!-- method-in-group -->
            </div> <!-- test-group -->
            <div class="test-group">
              <span class="test-group-name">filtering</span>
              <br/>
              <div class="method-in-group">
                <span class="method-in-group-name">verifyFilteredProducts</span>
                <br/>
              </div> <!-- method-in-group -->
            </div> <!-- test-group -->
            <div class="test-group">
              <span class="test-group-name">homepage</span>
              <br/>
              <div class="method-in-group">
                <span class="method-in-group-name">testNavigateToCart</span>
                <br/>
              </div> <!-- method-in-group -->
              <div class="method-in-group">
                <span class="method-in-group-name">testNavigateToLogin</span>
                <br/>
              </div> <!-- method-in-group -->
              <div class="method-in-group">
                <span class="method-in-group-name">testNavigateToRegister</span>
                <br/>
              </div> <!-- method-in-group -->
              <div class="method-in-group">
                <span class="method-in-group-name">verifySearchFunctionality</span>
                <br/>
              </div> <!-- method-in-group -->
              <div class="method-in-group">
                <span class="method-in-group-name">verifyTitle</span>
                <br/>
              </div> <!-- method-in-group -->
            </div> <!-- test-group -->
            <div class="test-group">
              <span class="test-group-name">login</span>
              <br/>
              <div class="method-in-group">
                <span class="method-in-group-name">testNavigateToLogin</span>
                <br/>
              </div> <!-- method-in-group -->
              <div class="method-in-group">
                <span class="method-in-group-name">verifyLogin</span>
                <br/>
              </div> <!-- method-in-group -->
            </div> <!-- test-group -->
            <div class="test-group">
              <span class="test-group-name">navigation</span>
              <br/>
              <div class="method-in-group">
                <span class="method-in-group-name">testNavigateToCart</span>
                <br/>
              </div> <!-- method-in-group -->
              <div class="method-in-group">
                <span class="method-in-group-name">testNavigateToLogin</span>
                <br/>
              </div> <!-- method-in-group -->
              <div class="method-in-group">
                <span class="method-in-group-name">testNavigateToRegister</span>
                <br/>
              </div> <!-- method-in-group -->
              <div class="method-in-group">
                <span class="method-in-group-name">verifyTitle</span>
                <br/>
              </div> <!-- method-in-group -->
            </div> <!-- test-group -->
            <div class="test-group">
              <span class="test-group-name">price</span>
              <br/>
              <div class="method-in-group">
                <span class="method-in-group-name">verifyGetProductByPrice</span>
                <br/>
              </div> <!-- method-in-group -->
            </div> <!-- test-group -->
            <div class="test-group">
              <span class="test-group-name">products</span>
              <br/>
              <div class="method-in-group">
                <span class="method-in-group-name">verifyFilteredProducts</span>
                <br/>
              </div> <!-- method-in-group -->
              <div class="method-in-group">
                <span class="method-in-group-name">verifyGetProductByPrice</span>
                <br/>
              </div> <!-- method-in-group -->
              <div class="method-in-group">
                <span class="method-in-group-name">verifyIsResultsVisible</span>
                <br/>
              </div> <!-- method-in-group -->
              <div class="method-in-group">
                <span class="method-in-group-name">verifyProductAddToCart</span>
                <br/>
              </div> <!-- method-in-group -->
              <div class="method-in-group">
                <span class="method-in-group-name">verifyProductDetails</span>
                <br/>
              </div> <!-- method-in-group -->
              <div class="method-in-group">
                <span class="method-in-group-name">verifyProductsRetrieval</span>
                <br/>
              </div> <!-- method-in-group -->
            </div> <!-- test-group -->
            <div class="test-group">
              <span class="test-group-name">registration</span>
              <br/>
              <div class="method-in-group">
                <span class="method-in-group-name">testNavigateToRegister</span>
                <br/>
              </div> <!-- method-in-group -->
              <div class="method-in-group">
                <span class="method-in-group-name">verifyRegistration</span>
                <br/>
              </div> <!-- method-in-group -->
            </div> <!-- test-group -->
            <div class="test-group">
              <span class="test-group-name">retrieval</span>
              <br/>
              <div class="method-in-group">
                <span class="method-in-group-name">verifyProductsRetrieval</span>
                <br/>
              </div> <!-- method-in-group -->
            </div> <!-- test-group -->
            <div class="test-group">
              <span class="test-group-name">search</span>
              <br/>
              <div class="method-in-group">
                <span class="method-in-group-name">verifyIsResultsVisible</span>
                <br/>
              </div> <!-- method-in-group -->
              <div class="method-in-group">
                <span class="method-in-group-name">verifySearchFunctionality</span>
                <br/>
              </div> <!-- method-in-group -->
            </div> <!-- test-group -->
            <div class="test-group">
              <span class="test-group-name">verification</span>
              <br/>
              <div class="method-in-group">
                <span class="method-in-group-name">verifyLogin</span>
                <br/>
              </div> <!-- method-in-group -->
              <div class="method-in-group">
                <span class="method-in-group-name">verifyRegistration</span>
                <br/>
              </div> <!-- method-in-group -->
            </div> <!-- test-group -->
            <div class="test-group">
              <span class="test-group-name">wishlist</span>
              <br/>
              <div class="method-in-group">
                <span class="method-in-group-name">verifyMoveItemToWishlist</span>
                <br/>
              </div> <!-- method-in-group -->
            </div> <!-- test-group -->
          </div> <!-- main-panel-content rounded-window-bottom -->
        </div> <!-- panel -->
        <div panel-name="times-Takealot_Suite" class="panel">
          <div class="main-panel-header rounded-window-top">
            <span class="header-content">Times for Takealot Suite</span>
          </div> <!-- main-panel-header rounded-window-top -->
          <div class="main-panel-content rounded-window-bottom">
            <div class="times-div">
              <script type="text/javascript">
suiteTableInitFunctions.push('tableData_Takealot_Suite');
function tableData_Takealot_Suite() {
var data = new google.visualization.DataTable();
data.addColumn('number', 'Number');
data.addColumn('string', 'Method');
data.addColumn('string', 'Class');
data.addColumn('number', 'Time (ms)');
data.addRows(44);
data.setCell(0, 0, 0)
data.setCell(0, 1, 'verifyCartNotEmpty')
data.setCell(0, 2, 'tests.CartPageTest')
data.setCell(0, 3, 270373);
data.setCell(1, 0, 1)
data.setCell(1, 1, 'verifyItemDetailsInCart')
data.setCell(1, 2, 'tests.CartPageTest')
data.setCell(1, 3, 197604);
data.setCell(2, 0, 2)
data.setCell(2, 1, 'verifyProductDetails')
data.setCell(2, 2, 'tests.ProductsPageTest')
data.setCell(2, 3, 176012);
data.setCell(3, 0, 3)
data.setCell(3, 1, 'verifyProductDetails')
data.setCell(3, 2, 'tests.ProductsPageTest')
data.setCell(3, 3, 172354);
data.setCell(4, 0, 4)
data.setCell(4, 1, 'verifyProductDetails')
data.setCell(4, 2, 'tests.ProductsPageTest')
data.setCell(4, 3, 120475);
data.setCell(5, 0, 5)
data.setCell(5, 1, 'verifySearchFunctionality')
data.setCell(5, 2, 'tests.HomePageTest')
data.setCell(5, 3, 107543);
data.setCell(6, 0, 6)
data.setCell(6, 1, 'verifyProductDetails')
data.setCell(6, 2, 'tests.ProductsPageTest')
data.setCell(6, 3, 90997);
data.setCell(7, 0, 7)
data.setCell(7, 1, 'verifyProductAddToCart')
data.setCell(7, 2, 'tests.ProductsPageTest')
data.setCell(7, 3, 85244);
data.setCell(8, 0, 8)
data.setCell(8, 1, 'verifySearchFunctionality')
data.setCell(8, 2, 'tests.HomePageTest')
data.setCell(8, 3, 62912);
data.setCell(9, 0, 9)
data.setCell(9, 1, 'verifyRegistration')
data.setCell(9, 2, 'tests.RegistrationPageTest')
data.setCell(9, 3, 50366);
data.setCell(10, 0, 10)
data.setCell(10, 1, 'verifySearchFunctionality')
data.setCell(10, 2, 'tests.HomePageTest')
data.setCell(10, 3, 42371);
data.setCell(11, 0, 11)
data.setCell(11, 1, 'verifyRegistration')
data.setCell(11, 2, 'tests.RegistrationPageTest')
data.setCell(11, 3, 34067);
data.setCell(12, 0, 12)
data.setCell(12, 1, 'verifyRegistration')
data.setCell(12, 2, 'tests.RegistrationPageTest')
data.setCell(12, 3, 31454);
data.setCell(13, 0, 13)
data.setCell(13, 1, 'verifySearchFunctionality')
data.setCell(13, 2, 'tests.HomePageTest')
data.setCell(13, 3, 31244);
data.setCell(14, 0, 14)
data.setCell(14, 1, 'verifyRegistration')
data.setCell(14, 2, 'tests.RegistrationPageTest')
data.setCell(14, 3, 30869);
data.setCell(15, 0, 15)
data.setCell(15, 1, 'verifySearchFunctionality')
data.setCell(15, 2, 'tests.HomePageTest')
data.setCell(15, 3, 30390);
data.setCell(16, 0, 16)
data.setCell(16, 1, 'verifyRegistration')
data.setCell(16, 2, 'tests.RegistrationPageTest')
data.setCell(16, 3, 30213);
data.setCell(17, 0, 17)
data.setCell(17, 1, 'verifyRegistration')
data.setCell(17, 2, 'tests.RegistrationPageTest')
data.setCell(17, 3, 28925);
data.setCell(18, 0, 18)
data.setCell(18, 1, 'verifyRegistration')
data.setCell(18, 2, 'tests.RegistrationPageTest')
data.setCell(18, 3, 28865);
data.setCell(19, 0, 19)
data.setCell(19, 1, 'verifyRegistration')
data.setCell(19, 2, 'tests.RegistrationPageTest')
data.setCell(19, 3, 28862);
data.setCell(20, 0, 20)
data.setCell(20, 1, 'verifySearchFunctionality')
data.setCell(20, 2, 'tests.HomePageTest')
data.setCell(20, 3, 28707);
data.setCell(21, 0, 21)
data.setCell(21, 1, 'verifyLogin')
data.setCell(21, 2, 'tests.LoginPageTest')
data.setCell(21, 3, 26760);
data.setCell(22, 0, 22)
data.setCell(22, 1, 'verifyLogin')
data.setCell(22, 2, 'tests.LoginPageTest')
data.setCell(22, 3, 25797);
data.setCell(23, 0, 23)
data.setCell(23, 1, 'verifySearchFunctionality')
data.setCell(23, 2, 'tests.HomePageTest')
data.setCell(23, 3, 21239);
data.setCell(24, 0, 24)
data.setCell(24, 1, 'verifyRegistration')
data.setCell(24, 2, 'tests.RegistrationPageTest')
data.setCell(24, 3, 21038);
data.setCell(25, 0, 25)
data.setCell(25, 1, 'verifyRegistration')
data.setCell(25, 2, 'tests.RegistrationPageTest')
data.setCell(25, 3, 18512);
data.setCell(26, 0, 26)
data.setCell(26, 1, 'verifySearchFunctionality')
data.setCell(26, 2, 'tests.HomePageTest')
data.setCell(26, 3, 18200);
data.setCell(27, 0, 27)
data.setCell(27, 1, 'verifySearchFunctionality')
data.setCell(27, 2, 'tests.HomePageTest')
data.setCell(27, 3, 17960);
data.setCell(28, 0, 28)
data.setCell(28, 1, 'verifyRegistration')
data.setCell(28, 2, 'tests.RegistrationPageTest')
data.setCell(28, 3, 17924);
data.setCell(29, 0, 29)
data.setCell(29, 1, 'verifyCartIsEmpty')
data.setCell(29, 2, 'tests.CartPageTest')
data.setCell(29, 3, 15920);
data.setCell(30, 0, 30)
data.setCell(30, 1, 'verifyProductsRetrieval')
data.setCell(30, 2, 'tests.ProductsPageTest')
data.setCell(30, 3, 15552);
data.setCell(31, 0, 31)
data.setCell(31, 1, 'verifySearchFunctionality')
data.setCell(31, 2, 'tests.HomePageTest')
data.setCell(31, 3, 14319);
data.setCell(32, 0, 32)
data.setCell(32, 1, 'verifyRemovalOfItemFromCart')
data.setCell(32, 2, 'tests.CartPageTest')
data.setCell(32, 3, 13714);
data.setCell(33, 0, 33)
data.setCell(33, 1, 'verifyMoveItemToWishlist')
data.setCell(33, 2, 'tests.CartPageTest')
data.setCell(33, 3, 13384);
data.setCell(34, 0, 34)
data.setCell(34, 1, 'verifyLogin')
data.setCell(34, 2, 'tests.LoginPageTest')
data.setCell(34, 3, 11819);
data.setCell(35, 0, 35)
data.setCell(35, 1, 'verifyLogin')
data.setCell(35, 2, 'tests.LoginPageTest')
data.setCell(35, 3, 10750);
data.setCell(36, 0, 36)
data.setCell(36, 1, 'testNavigateToRegister')
data.setCell(36, 2, 'tests.HomePageTest')
data.setCell(36, 3, 9611);
data.setCell(37, 0, 37)
data.setCell(37, 1, 'testNavigateToLogin')
data.setCell(37, 2, 'tests.HomePageTest')
data.setCell(37, 3, 8952);
data.setCell(38, 0, 38)
data.setCell(38, 1, 'testNavigateToCart')
data.setCell(38, 2, 'tests.HomePageTest')
data.setCell(38, 3, 5128);
data.setCell(39, 0, 39)
data.setCell(39, 1, 'verifyTotalCartPrice')
data.setCell(39, 2, 'tests.CartPageTest')
data.setCell(39, 3, 2251);
data.setCell(40, 0, 40)
data.setCell(40, 1, 'verifyFilteredProducts')
data.setCell(40, 2, 'tests.ProductsPageTest')
data.setCell(40, 3, 2018);
data.setCell(41, 0, 41)
data.setCell(41, 1, 'verifyGetProductByPrice')
data.setCell(41, 2, 'tests.ProductsPageTest')
data.setCell(41, 3, 1070);
data.setCell(42, 0, 42)
data.setCell(42, 1, 'verifyTitle')
data.setCell(42, 2, 'tests.HomePageTest')
data.setCell(42, 3, 561);
data.setCell(43, 0, 43)
data.setCell(43, 1, 'verifyIsResultsVisible')
data.setCell(43, 2, 'tests.ProductsPageTest')
data.setCell(43, 3, 153);
window.suiteTableData['Takealot_Suite']= { tableData: data, tableDiv: 'times-div-Takealot_Suite'}
return data;
}
              </script>
              <span class="suite-total-time">Total running time: 32 minutes</span>
              <div id="times-div-Takealot_Suite">
              </div> <!-- times-div-Takealot_Suite -->
            </div> <!-- times-div -->
          </div> <!-- main-panel-content rounded-window-bottom -->
        </div> <!-- panel -->
        <div panel-name="reporter-Takealot_Suite" class="panel">
          <div class="main-panel-header rounded-window-top">
            <span class="header-content">Reporter output for Takealot Suite</span>
          </div> <!-- main-panel-header rounded-window-top -->
          <div class="main-panel-content rounded-window-bottom">
          </div> <!-- main-panel-content rounded-window-bottom -->
        </div> <!-- panel -->
        <div panel-name="ignored-methods-Takealot_Suite" class="panel">
          <div class="main-panel-header rounded-window-top">
            <span class="header-content">0 ignored methods</span>
          </div> <!-- main-panel-header rounded-window-top -->
          <div class="main-panel-content rounded-window-bottom">
          </div> <!-- main-panel-content rounded-window-bottom -->
        </div> <!-- panel -->
        <div panel-name="chronological-Takealot_Suite" class="panel">
          <div class="main-panel-header rounded-window-top">
            <span class="header-content">Methods in chronological order</span>
          </div> <!-- main-panel-header rounded-window-top -->
          <div class="main-panel-content rounded-window-bottom">
            <div class="chronological-class">
              <div class="chronological-class-name">tests.RegistrationPageTest</div> <!-- chronological-class-name -->
              <div class="configuration-class before">
                <span class="method-name">setUp</span>
                <span class="method-start">0 ms</span>
              </div> <!-- configuration-class before -->
            </div> <!-- chronological-class -->
            <div class="chronological-class">
              <div class="chronological-class-name">tests.HomePageTest</div> <!-- chronological-class-name -->
              <div class="configuration-class before">
                <span class="method-name">setUp</span>
                <span class="method-start">0 ms</span>
              </div> <!-- configuration-class before -->
            </div> <!-- chronological-class -->
            <div class="chronological-class">
              <div class="chronological-class-name">tests.LoginPageTest</div> <!-- chronological-class-name -->
              <div class="configuration-class before">
                <span class="method-name">setUp</span>
                <span class="method-start">0 ms</span>
              </div> <!-- configuration-class before -->
            </div> <!-- chronological-class -->
            <div class="chronological-class">
              <div class="chronological-class-name">tests.CartPageTest</div> <!-- chronological-class-name -->
              <div class="configuration-class before">
                <span class="method-name">setUp</span>
                <span class="method-start">0 ms</span>
              </div> <!-- configuration-class before -->
            </div> <!-- chronological-class -->
            <div class="chronological-class">
              <div class="chronological-class-name">tests.ProductsPageTest</div> <!-- chronological-class-name -->
              <div class="configuration-class before">
                <span class="method-name">setUp</span>
                <span class="method-start">1 ms</span>
              </div> <!-- configuration-class before -->
            </div> <!-- chronological-class -->
            <div class="chronological-class">
              <div class="chronological-class-name">tests.HomePageTest</div> <!-- chronological-class-name -->
              <div class="test-method">
                <span class="method-name">verifyTitle</span>
                <span class="method-start">16949 ms</span>
              </div> <!-- test-method -->
              <div class="test-method">
                <span class="method-name">testNavigateToRegister</span>
                <span class="method-start">17605 ms</span>
              </div> <!-- test-method -->
            </div> <!-- chronological-class -->
            <div class="chronological-class">
              <div class="chronological-class-name">tests.LoginPageTest</div> <!-- chronological-class-name -->
              <div class="test-method">
                <span class="method-name">verifyLogin(TC001, , P@ssw0rd, Please fill in your email address, yes)</span>
                <span class="method-start">23198 ms</span>
              </div> <!-- test-method -->
            </div> <!-- chronological-class -->
            <div class="chronological-class">
              <div class="chronological-class-name">tests.HomePageTest</div> <!-- chronological-class-name -->
              <div class="test-method">
                <span class="method-name">testNavigateToLogin</span>
                <span class="method-start">27216 ms</span>
              </div> <!-- test-method -->
            </div> <!-- chronological-class -->
            <div class="chronological-class">
              <div class="chronological-class-name">tests.RegistrationPageTest</div> <!-- chronological-class-name -->
              <div class="test-method">
                <span class="method-name">verifyRegistration(TC001, John, Doe, john.doe@gmail.com, P@ssw0rd, 0612345679, This email address is already registered...)</span>
                <span class="method-start">27665 ms</span>
              </div> <!-- test-method -->
            </div> <!-- chronological-class -->
            <div class="chronological-class">
              <div class="chronological-class-name">tests.LoginPageTest</div> <!-- chronological-class-name -->
              <div class="test-method">
                <span class="method-name">verifyLogin(TC002, john.doe@gmail.com, null, Please enter a password, yes)</span>
                <span class="method-start">35019 ms</span>
              </div> <!-- test-method -->
            </div> <!-- chronological-class -->
            <div class="chronological-class">
              <div class="chronological-class-name">tests.HomePageTest</div> <!-- chronological-class-name -->
              <div class="test-method">
                <img src="failed.png">
                </img>
                <span class="method-name">testNavigateToCart</span>
                <span class="method-start">36179 ms</span>
              </div> <!-- test-method -->
            </div> <!-- chronological-class -->
            <div class="chronological-class">
              <div class="chronological-class-name">tests.CartPageTest</div> <!-- chronological-class-name -->
              <div class="test-method">
                <img src="failed.png">
                </img>
                <span class="method-name">verifyCartIsEmpty</span>
                <span class="method-start">40426 ms</span>
              </div> <!-- test-method -->
            </div> <!-- chronological-class -->
            <div class="chronological-class">
              <div class="chronological-class-name">tests.HomePageTest</div> <!-- chronological-class-name -->
              <div class="test-method">
                <span class="method-name">verifySearchFunctionality(TC001, iphone, results-page)</span>
                <span class="method-start">42275 ms</span>
              </div> <!-- test-method -->
            </div> <!-- chronological-class -->
            <div class="chronological-class">
              <div class="chronological-class-name">tests.LoginPageTest</div> <!-- chronological-class-name -->
              <div class="test-method">
                <span class="method-name">verifyLogin(TC003, jon.doe@gmail.com, P@ssw0rd, Incorrect Email or Password. Please try again and ensure Caps Lo...)</span>
                <span class="method-start">45769 ms</span>
              </div> <!-- test-method -->
            </div> <!-- chronological-class -->
            <div class="chronological-class">
              <div class="chronological-class-name">tests.ProductsPageTest</div> <!-- chronological-class-name -->
              <div class="test-method">
                <span class="method-name">verifyIsResultsVisible</span>
                <span class="method-start">46258 ms</span>
              </div> <!-- test-method -->
              <div class="test-method">
                <img src="failed.png">
                </img>
                <span class="method-name">verifyProductsRetrieval</span>
                <span class="method-start">46413 ms</span>
              </div> <!-- test-method -->
            </div> <!-- chronological-class -->
            <div class="chronological-class">
              <div class="chronological-class-name">tests.CartPageTest</div> <!-- chronological-class-name -->
              <div class="test-method">
                <span class="method-name">verifyCartNotEmpty</span>
                <span class="method-start">56349 ms</span>
              </div> <!-- test-method -->
            </div> <!-- chronological-class -->
            <div class="chronological-class">
              <div class="chronological-class-name">tests.RegistrationPageTest</div> <!-- chronological-class-name -->
              <div class="test-method">
                <span class="method-name">verifyRegistration(TC002, John, Doe, jon.doe@gmail.com, P@ssw0rd, 0612345679, Success, yes)</span>
                <span class="method-start">61732 ms</span>
              </div> <!-- test-method -->
            </div> <!-- chronological-class -->
            <div class="chronological-class">
              <div class="chronological-class-name">tests.ProductsPageTest</div> <!-- chronological-class-name -->
              <div class="test-method">
                <img src="failed.png">
                </img>
                <span class="method-name">verifyFilteredProducts</span>
                <span class="method-start">61985 ms</span>
              </div> <!-- test-method -->
            </div> <!-- chronological-class -->
            <div class="chronological-class">
              <div class="chronological-class-name">tests.HomePageTest</div> <!-- chronological-class-name -->
              <div class="test-method">
                <span class="method-name">verifySearchFunctionality(TC002, Wireless Earbuds, results-page)</span>
                <span class="method-start">63515 ms</span>
              </div> <!-- test-method -->
            </div> <!-- chronological-class -->
            <div class="chronological-class">
              <div class="chronological-class-name">tests.ProductsPageTest</div> <!-- chronological-class-name -->
              <div class="test-method">
                <img src="failed.png">
                </img>
                <span class="method-name">verifyGetProductByPrice</span>
                <span class="method-start">64014 ms</span>
              </div> <!-- test-method -->
              <div class="test-method">
                <img src="failed.png">
                </img>
                <span class="method-name">verifyProductDetails(Apple iPhone 15 Pro Max 256GB, Apple, 27595.0, 4.8, 40.0, smartphones, yes)</span>
                <span class="method-start">66148 ms</span>
              </div> <!-- test-method -->
            </div> <!-- chronological-class -->
            <div class="chronological-class">
              <div class="chronological-class-name">tests.LoginPageTest</div> <!-- chronological-class-name -->
              <div class="test-method">
                <span class="method-name">verifyLogin(TC004, john.doe@gmail.com, P@ssw0rd, Incorrect Email or Password. Please try again and ensure Caps L...)</span>
                <span class="method-start">72532 ms</span>
              </div> <!-- test-method -->
              <div class="configuration-class after">
                <span class="method-name">tearDown</span>
                <span class="method-start">98332 ms</span>
              </div> <!-- configuration-class after -->
            </div> <!-- chronological-class -->
            <div class="chronological-class">
              <div class="chronological-class-name">tests.RegistrationPageTest</div> <!-- chronological-class-name -->
              <div class="test-method">
                <span class="method-name">verifyRegistration(TC003, John, null, jon.doe@gmail.com, P@ssw0rd, 012345679, Please enter your last name, yes)</span>
                <span class="method-start">112098 ms</span>
              </div> <!-- test-method -->
            </div> <!-- chronological-class -->
            <div class="chronological-class">
              <div class="chronological-class-name">tests.HomePageTest</div> <!-- chronological-class-name -->
              <div class="test-method">
                <span class="method-name">verifySearchFunctionality(TC003, monitor, results-page)</span>
                <span class="method-start">126427 ms</span>
              </div> <!-- test-method -->
            </div> <!-- chronological-class -->
            <div class="chronological-class">
              <div class="chronological-class-name">tests.RegistrationPageTest</div> <!-- chronological-class-name -->
              <div class="test-method">
                <span class="method-name">verifyRegistration(TC004, null, Doe, jon.doe@gmail.com, P@ssw0rd, 012345680, Please enter your first name, yes)</span>
                <span class="method-start">142969 ms</span>
              </div> <!-- test-method -->
            </div> <!-- chronological-class -->
            <div class="chronological-class">
              <div class="chronological-class-name">tests.HomePageTest</div> <!-- chronological-class-name -->
              <div class="test-method">
                <span class="method-name">verifySearchFunctionality(TC004, IPHONE 15, results-page)</span>
                <span class="method-start">144406 ms</span>
              </div> <!-- test-method -->
              <div class="test-method">
                <span class="method-name">verifySearchFunctionality(TC005, iphone 15, results-page)</span>
                <span class="method-start">162608 ms</span>
              </div> <!-- test-method -->
            </div> <!-- chronological-class -->
            <div class="chronological-class">
              <div class="chronological-class-name">tests.RegistrationPageTest</div> <!-- chronological-class-name -->
              <div class="test-method">
                <span class="method-name">verifyRegistration(TC005, John, Doe, invalid-email, P@ssw0rd, 012345681, Please enter a valid email address, yes)</span>
                <span class="method-start">173185 ms</span>
              </div> <!-- test-method -->
            </div> <!-- chronological-class -->
            <div class="chronological-class">
              <div class="chronological-class-name">tests.HomePageTest</div> <!-- chronological-class-name -->
              <div class="test-method">
                <span class="method-name">verifySearchFunctionality(TC006, , default-page)</span>
                <span class="method-start">176927 ms</span>
              </div> <!-- test-method -->
            </div> <!-- chronological-class -->
            <div class="chronological-class">
              <div class="chronological-class-name">tests.ProductsPageTest</div> <!-- chronological-class-name -->
              <div class="test-method">
                <span class="method-name">verifyProductDetails(Apex - Marine Luxury Men's Leather Watch, Apex, 690.0, 5.0, 4.0, Watches and accessories, yes)</span>
                <span class="method-start">186626 ms</span>
              </div> <!-- test-method -->
            </div> <!-- chronological-class -->
            <div class="chronological-class">
              <div class="chronological-class-name">tests.RegistrationPageTest</div> <!-- chronological-class-name -->
              <div class="test-method">
                <span class="method-name">verifyRegistration(TC006, John, Doe, jon.doe@gmail.com, short, 012345682, Password must be at least 8 characters and 1 ...)</span>
                <span class="method-start">202050 ms</span>
              </div> <!-- test-method -->
            </div> <!-- chronological-class -->
            <div class="chronological-class">
              <div class="chronological-class-name">tests.HomePageTest</div> <!-- chronological-class-name -->
              <div class="test-method">
                <span class="method-name">verifySearchFunctionality(TC007, !/*][#$&, default-page)</span>
                <span class="method-start">219298 ms</span>
              </div> <!-- test-method -->
            </div> <!-- chronological-class -->
            <div class="chronological-class">
              <div class="chronological-class-name">tests.RegistrationPageTest</div> <!-- chronological-class-name -->
              <div class="test-method">
                <span class="method-name">verifyRegistration(TC007, John, Doe, jon.doe@gmail.com, , 012345683, Please enter a password, yes)</span>
                <span class="method-start">230913 ms</span>
              </div> <!-- test-method -->
              <div class="test-method">
                <span class="method-name">verifyRegistration(TC008, John, Doe, , P@ssw0rd, 012345684, Please enter your email address, yes)</span>
                <span class="method-start">262370 ms</span>
              </div> <!-- test-method -->
              <div class="test-method">
                <img src="failed.png">
                </img>
                <span class="method-name">verifyRegistration(TC009, John, Doe, jon.doe@gmail.com, P@ssw0rd, 012345, Please enter a 9 or 10-digit SA mobile number...)</span>
                <span class="method-start">291304 ms</span>
              </div> <!-- test-method -->
              <div class="test-method">
                <img src="failed.png">
                </img>
                <span class="method-name">verifyRegistration(TC010, John, Doe, jon.doe@gmail.com, P@ssw0rd, , Mobile number must be at least 10 digits, yes)</span>
                <span class="method-start">312373 ms</span>
              </div> <!-- test-method -->
            </div> <!-- chronological-class -->
            <div class="chronological-class">
              <div class="chronological-class-name">tests.CartPageTest</div> <!-- chronological-class-name -->
              <div class="test-method">
                <img src="failed.png">
                </img>
                <span class="method-name">verifyItemDetailsInCart</span>
                <span class="method-start">326722 ms</span>
              </div> <!-- test-method -->
            </div> <!-- chronological-class -->
            <div class="chronological-class">
              <div class="chronological-class-name">tests.HomePageTest</div> <!-- chronological-class-name -->
              <div class="test-method">
                <span class="method-name">verifySearchFunctionality(TC008, aaaaaaaaaaaaaaaaaaaaaaaaaaaaaaaaaaaaaaaaaaaaaaaaaaaaaaaaaaaaaaaaaaaaaaaaaaaaaaaaaaaaaaaaaaaaa...)</span>
                <span class="method-start">326841 ms</span>
              </div> <!-- test-method -->
            </div> <!-- chronological-class -->
            <div class="chronological-class">
              <div class="chronological-class-name">tests.RegistrationPageTest</div> <!-- chronological-class-name -->
              <div class="test-method">
                <img src="failed.png">
                </img>
                <span class="method-name">verifyRegistration(TC011, John, Doe, jon.doe@gmail.com, P@ssw0rd, 123456789, Please enter a 9 or 10-digit SA mobile num...)</span>
                <span class="method-start">330886 ms</span>
              </div> <!-- test-method -->
              <div class="configuration-class after">
                <span class="method-name">tearDown</span>
                <span class="method-start">348841 ms</span>
              </div> <!-- configuration-class after -->
            </div> <!-- chronological-class -->
            <div class="chronological-class">
              <div class="chronological-class-name">tests.HomePageTest</div> <!-- chronological-class-name -->
              <div class="test-method">
                <span class="method-name">verifySearchFunctionality(TC009, XYZ123NonExistent, empty-results-page)</span>
                <span class="method-start">358102 ms</span>
              </div> <!-- test-method -->
            </div> <!-- chronological-class -->
            <div class="chronological-class">
              <div class="chronological-class-name">tests.ProductsPageTest</div> <!-- chronological-class-name -->
              <div class="test-method">
                <span class="method-name">verifyProductDetails(Fujifilm Instax Mini 12 Camera + Case and Film, Fujifilm Instax, 1999.0, 4.8, 120.0, Cameras, yes)</span>
                <span class="method-start">362649 ms</span>
              </div> <!-- test-method -->
            </div> <!-- chronological-class -->
            <div class="chronological-class">
              <div class="chronological-class-name">tests.HomePageTest</div> <!-- chronological-class-name -->
              <div class="test-method">
                <span class="method-name">verifySearchFunctionality(TC010, gibharish-uhjbjk, empty-results-page)</span>
                <span class="method-start">388495 ms</span>
              </div> <!-- test-method -->
              <div class="configuration-class after">
                <span class="method-name">tearDown</span>
                <span class="method-start">417222 ms</span>
              </div> <!-- configuration-class after -->
            </div> <!-- chronological-class -->
            <div class="chronological-class">
              <div class="chronological-class-name">tests.CartPageTest</div> <!-- chronological-class-name -->
              <div class="test-method">
                <span class="method-name">verifyTotalCartPrice</span>
                <span class="method-start">524326 ms</span>
              </div> <!-- test-method -->
              <div class="test-method">
                <img src="failed.png">
                </img>
                <span class="method-name">verifyRemovalOfItemFromCart</span>
                <span class="method-start">526577 ms</span>
              </div> <!-- test-method -->
            </div> <!-- chronological-class -->
            <div class="chronological-class">
              <div class="chronological-class-name">tests.ProductsPageTest</div> <!-- chronological-class-name -->
              <div class="test-method">
                <span class="method-name">verifyProductDetails(Fender Squier SA-105CE Acoustic Electric Guitar, Squier, 3495.0, 4.2, 4.0, Music, yes)</span>
                <span class="method-start">535003 ms</span>
              </div> <!-- test-method -->
            </div> <!-- chronological-class -->
            <div class="chronological-class">
              <div class="chronological-class-name">tests.CartPageTest</div> <!-- chronological-class-name -->
              <div class="test-method">
                <img src="failed.png">
                </img>
                <span class="method-name">verifyMoveItemToWishlist</span>
                <span class="method-start">540291 ms</span>
              </div> <!-- test-method -->
              <div class="configuration-class after">
                <span class="method-name">tearDown</span>
                <span class="method-start">553675 ms</span>
              </div> <!-- configuration-class after -->
            </div> <!-- chronological-class -->
            <div class="chronological-class">
              <div class="chronological-class-name">tests.ProductsPageTest</div> <!-- chronological-class-name -->
              <div class="test-method">
                <span class="method-name">verifyProductAddToCart</span>
                <span class="method-start">626000 ms</span>
              </div> <!-- test-method -->
              <div class="configuration-class after">
                <span class="method-name">tearDown</span>
                <span class="method-start">711247 ms</span>
              </div> <!-- configuration-class after -->
          </div> <!-- main-panel-content rounded-window-bottom -->
        </div> <!-- panel -->
      </div> <!-- main-panel-root -->
    </div> <!-- wrapper -->
  </body>
<script type="text/javascript" src="testng-reports2.js"></script>
</html>
